# Parameter sweep run started on Tue Jul 29 14:31:24 -04 2025
# Working directory: /Users/leabauer/Documents/code
# Git commit: 2d081b2f2aad604a32b98f2db7f7e01a5331af6b
# Command line: ./run_4_potential.sh --move-prob director-uneven-sin --track-movement --track-flux --track-density

[1/9] ./lattice2D-Lea-4-potential --density 0.7 --tumble-rate 0.07 --total-time 5000 --run-name runs/run_20250729_143124_director-uneven-sin_track_flux_density/d0.7_t0.07_time5000_gamma-0.5_g1 --save-interval 14 --potential director-uneven-sin --gamma -0.5 --g 1 --v0 0.5 --potential-lower 0.1 --potential-upper 0.9 --seed 837437 --track-movement --track-flux --track-density
SUCCESS: [1/9] ./lattice2D-Lea-4-potential --density 0.7 --tumble-rate 0.07 --total-time 5000 --run-name runs/run_20250729_143124_director-uneven-sin_track_flux_density/d0.7_t0.07_time5000_gamma-0.5_g1 --save-interval 14 --potential director-uneven-sin --gamma -0.5 --g 1 --v0 0.5 --potential-lower 0.1 --potential-upper 0.9 --seed 837437 --track-movement --track-flux --track-density
[2/9] ./lattice2D-Lea-4-potential --density 0.7 --tumble-rate 0.08 --total-time 5000 --run-name runs/run_20250729_143124_director-uneven-sin_track_flux_density/d0.7_t0.08_time5000_gamma-0.5_g1 --save-interval 12 --potential director-uneven-sin --gamma -0.5 --g 1 --v0 0.5 --potential-lower 0.1 --potential-upper 0.9 --seed 837437 --track-movement --track-flux --track-density
SUCCESS: [2/9] ./lattice2D-Lea-4-potential --density 0.7 --tumble-rate 0.08 --total-time 5000 --run-name runs/run_20250729_143124_director-uneven-sin_track_flux_density/d0.7_t0.08_time5000_gamma-0.5_g1 --save-interval 12 --potential director-uneven-sin --gamma -0.5 --g 1 --v0 0.5 --potential-lower 0.1 --potential-upper 0.9 --seed 837437 --track-movement --track-flux --track-density
[3/9] ./lattice2D-Lea-4-potential --density 0.7 --tumble-rate 0.09 --total-time 5000 --run-name runs/run_20250729_143124_director-uneven-sin_track_flux_density/d0.7_t0.09_time5000_gamma-0.5_g1 --save-interval 11 --potential director-uneven-sin --gamma -0.5 --g 1 --v0 0.5 --potential-lower 0.1 --potential-upper 0.9 --seed 837437 --track-movement --track-flux --track-density
SUCCESS: [3/9] ./lattice2D-Lea-4-potential --density 0.7 --tumble-rate 0.09 --total-time 5000 --run-name runs/run_20250729_143124_director-uneven-sin_track_flux_density/d0.7_t0.09_time5000_gamma-0.5_g1 --save-interval 11 --potential director-uneven-sin --gamma -0.5 --g 1 --v0 0.5 --potential-lower 0.1 --potential-upper 0.9 --seed 837437 --track-movement --track-flux --track-density
[4/9] ./lattice2D-Lea-4-potential --density 0.8 --tumble-rate 0.07 --total-time 5000 --run-name runs/run_20250729_143124_director-uneven-sin_track_flux_density/d0.8_t0.07_time5000_gamma-0.5_g1 --save-interval 14 --potential director-uneven-sin --gamma -0.5 --g 1 --v0 0.5 --potential-lower 0.1 --potential-upper 0.9 --seed 837437 --track-movement --track-flux --track-density
SUCCESS: [4/9] ./lattice2D-Lea-4-potential --density 0.8 --tumble-rate 0.07 --total-time 5000 --run-name runs/run_20250729_143124_director-uneven-sin_track_flux_density/d0.8_t0.07_time5000_gamma-0.5_g1 --save-interval 14 --potential director-uneven-sin --gamma -0.5 --g 1 --v0 0.5 --potential-lower 0.1 --potential-upper 0.9 --seed 837437 --track-movement --track-flux --track-density
[5/9] ./lattice2D-Lea-4-potential --density 0.8 --tumble-rate 0.08 --total-time 5000 --run-name runs/run_20250729_143124_director-uneven-sin_track_flux_density/d0.8_t0.08_time5000_gamma-0.5_g1 --save-interval 12 --potential director-uneven-sin --gamma -0.5 --g 1 --v0 0.5 --potential-lower 0.1 --potential-upper 0.9 --seed 837437 --track-movement --track-flux --track-density
SUCCESS: [5/9] ./lattice2D-Lea-4-potential --density 0.8 --tumble-rate 0.08 --total-time 5000 --run-name runs/run_20250729_143124_director-uneven-sin_track_flux_density/d0.8_t0.08_time5000_gamma-0.5_g1 --save-interval 12 --potential director-uneven-sin --gamma -0.5 --g 1 --v0 0.5 --potential-lower 0.1 --potential-upper 0.9 --seed 837437 --track-movement --track-flux --track-density
[6/9] ./lattice2D-Lea-4-potential --density 0.8 --tumble-rate 0.09 --total-time 5000 --run-name runs/run_20250729_143124_director-uneven-sin_track_flux_density/d0.8_t0.09_time5000_gamma-0.5_g1 --save-interval 11 --potential director-uneven-sin --gamma -0.5 --g 1 --v0 0.5 --potential-lower 0.1 --potential-upper 0.9 --seed 837437 --track-movement --track-flux --track-density
SUCCESS: [6/9] ./lattice2D-Lea-4-potential --density 0.8 --tumble-rate 0.09 --total-time 5000 --run-name runs/run_20250729_143124_director-uneven-sin_track_flux_density/d0.8_t0.09_time5000_gamma-0.5_g1 --save-interval 11 --potential director-uneven-sin --gamma -0.5 --g 1 --v0 0.5 --potential-lower 0.1 --potential-upper 0.9 --seed 837437 --track-movement --track-flux --track-density
[7/9] ./lattice2D-Lea-4-potential --density 0.9 --tumble-rate 0.07 --total-time 5000 --run-name runs/run_20250729_143124_director-uneven-sin_track_flux_density/d0.9_t0.07_time5000_gamma-0.5_g1 --save-interval 14 --potential director-uneven-sin --gamma -0.5 --g 1 --v0 0.5 --potential-lower 0.1 --potential-upper 0.9 --seed 837437 --track-movement --track-flux --track-density
SUCCESS: [7/9] ./lattice2D-Lea-4-potential --density 0.9 --tumble-rate 0.07 --total-time 5000 --run-name runs/run_20250729_143124_director-uneven-sin_track_flux_density/d0.9_t0.07_time5000_gamma-0.5_g1 --save-interval 14 --potential director-uneven-sin --gamma -0.5 --g 1 --v0 0.5 --potential-lower 0.1 --potential-upper 0.9 --seed 837437 --track-movement --track-flux --track-density
[8/9] ./lattice2D-Lea-4-potential --density 0.9 --tumble-rate 0.08 --total-time 5000 --run-name runs/run_20250729_143124_director-uneven-sin_track_flux_density/d0.9_t0.08_time5000_gamma-0.5_g1 --save-interval 12 --potential director-uneven-sin --gamma -0.5 --g 1 --v0 0.5 --potential-lower 0.1 --potential-upper 0.9 --seed 837437 --track-movement --track-flux --track-density
SUCCESS: [8/9] ./lattice2D-Lea-4-potential --density 0.9 --tumble-rate 0.08 --total-time 5000 --run-name runs/run_20250729_143124_director-uneven-sin_track_flux_density/d0.9_t0.08_time5000_gamma-0.5_g1 --save-interval 12 --potential director-uneven-sin --gamma -0.5 --g 1 --v0 0.5 --potential-lower 0.1 --potential-upper 0.9 --seed 837437 --track-movement --track-flux --track-density
[9/9] ./lattice2D-Lea-4-potential --density 0.9 --tumble-rate 0.09 --total-time 5000 --run-name runs/run_20250729_143124_director-uneven-sin_track_flux_density/d0.9_t0.09_time5000_gamma-0.5_g1 --save-interval 11 --potential director-uneven-sin --gamma -0.5 --g 1 --v0 0.5 --potential-lower 0.1 --potential-upper 0.9 --seed 837437 --track-movement --track-flux --track-density
SUCCESS: [9/9] ./lattice2D-Lea-4-potential --density 0.9 --tumble-rate 0.09 --total-time 5000 --run-name runs/run_20250729_143124_director-uneven-sin_track_flux_density/d0.9_t0.09_time5000_gamma-0.5_g1 --save-interval 11 --potential director-uneven-sin --gamma -0.5 --g 1 --v0 0.5 --potential-lower 0.1 --potential-upper 0.9 --seed 837437 --track-movement --track-flux --track-density

# Parameter sweep completed on Tue Jul 29 14:31:34 -04 2025
# Total runs: 9
# Configuration:
#   - Movement probability type: director-uneven-sin
#   - Start config: false
#   - Save interval: auto
#   - Movement tracking: 1
#   - Flux tracking: 1
#   - Density tracking: 1
#   - Gamma parameter: -0.5
#   - G parameter: 1
