# Parameter sweep run started on Thu Jul 24 15:57:29 -04 2025
# Working directory: /Users/leabauer/Documents/code
# Git commit: dd4a4f4e566cfd4254ca5383cb48a0c162e68aa0
# Command line: ./run_4_potential.sh --move-prob uneven-sin --track-movement --track-flux --track-density

[1/3] ./lattice2D-Lea-4-potential --density 0.000125 --tumble-rate 0.07 --total-time 10000 --run-name runs/run_20250724_155729_uneven-sin_track_flux_density/d0.000125_t0.07_time10000_gamma-0.5_g1 --save-interval 14 --potential uneven-sin --gamma -0.5 --g 1 --potential-lower 0.1 --potential-upper 0.9 --seed 837437 --track-movement --track-flux --track-density
SUCCESS: [1/3] ./lattice2D-Lea-4-potential --density 0.000125 --tumble-rate 0.07 --total-time 10000 --run-name runs/run_20250724_155729_uneven-sin_track_flux_density/d0.000125_t0.07_time10000_gamma-0.5_g1 --save-interval 14 --potential uneven-sin --gamma -0.5 --g 1 --potential-lower 0.1 --potential-upper 0.9 --seed 837437 --track-movement --track-flux --track-density
[2/3] ./lattice2D-Lea-4-potential --density 0.000125 --tumble-rate 0.08 --total-time 10000 --run-name runs/run_20250724_155729_uneven-sin_track_flux_density/d0.000125_t0.08_time10000_gamma-0.5_g1 --save-interval 12 --potential uneven-sin --gamma -0.5 --g 1 --potential-lower 0.1 --potential-upper 0.9 --seed 837437 --track-movement --track-flux --track-density
SUCCESS: [2/3] ./lattice2D-Lea-4-potential --density 0.000125 --tumble-rate 0.08 --total-time 10000 --run-name runs/run_20250724_155729_uneven-sin_track_flux_density/d0.000125_t0.08_time10000_gamma-0.5_g1 --save-interval 12 --potential uneven-sin --gamma -0.5 --g 1 --potential-lower 0.1 --potential-upper 0.9 --seed 837437 --track-movement --track-flux --track-density
[3/3] ./lattice2D-Lea-4-potential --density 0.000125 --tumble-rate 0.09 --total-time 10000 --run-name runs/run_20250724_155729_uneven-sin_track_flux_density/d0.000125_t0.09_time10000_gamma-0.5_g1 --save-interval 11 --potential uneven-sin --gamma -0.5 --g 1 --potential-lower 0.1 --potential-upper 0.9 --seed 837437 --track-movement --track-flux --track-density
SUCCESS: [3/3] ./lattice2D-Lea-4-potential --density 0.000125 --tumble-rate 0.09 --total-time 10000 --run-name runs/run_20250724_155729_uneven-sin_track_flux_density/d0.000125_t0.09_time10000_gamma-0.5_g1 --save-interval 11 --potential uneven-sin --gamma -0.5 --g 1 --potential-lower 0.1 --potential-upper 0.9 --seed 837437 --track-movement --track-flux --track-density

# Parameter sweep completed on Thu Jul 24 15:57:30 -04 2025
# Total runs: 3
# Configuration:
#   - Movement probability type: uneven-sin
#   - Start config: false
#   - Save interval: auto
#   - Movement tracking: 1
#   - Flux tracking: 1
#   - Density tracking: 1
#   - Gamma parameter: -0.5
