# Parameter sweep run started on Fri Jul 11 14:23:54 -04 2025
# Working directory: /Users/leabauer/Documents/code
# Git commit: 0d524fdcf76fe0aaf94017d8d40c93d5679437ca
# Command line: ./run_4_potential.sh --move-prob director-based-sin --track-movement --track-flux --track-density

[1/25] ./lattice2D-Lea-4-potential --density 0.7 --tumble-rate 0.01 --total-time 10000 --run-name runs/run_20250711_142354_director-based-sin_track_flux_density/d0.7_t0.01_time10000_gamma-0.5_g1 --save-interval 100 --potential director-based-sin --gamma -0.5 --g 1 --potential-lower 0.2 --potential-upper 0.8 --seed 837437 --track-movement --track-flux --track-density
SUCCESS: [1/25] ./lattice2D-Lea-4-potential --density 0.7 --tumble-rate 0.01 --total-time 10000 --run-name runs/run_20250711_142354_director-based-sin_track_flux_density/d0.7_t0.01_time10000_gamma-0.5_g1 --save-interval 100 --potential director-based-sin --gamma -0.5 --g 1 --potential-lower 0.2 --potential-upper 0.8 --seed 837437 --track-movement --track-flux --track-density
[2/25] ./lattice2D-Lea-4-potential --density 0.7 --tumble-rate 0.02 --total-time 10000 --run-name runs/run_20250711_142354_director-based-sin_track_flux_density/d0.7_t0.02_time10000_gamma-0.5_g1 --save-interval 50 --potential director-based-sin --gamma -0.5 --g 1 --potential-lower 0.2 --potential-upper 0.8 --seed 837437 --track-movement --track-flux --track-density
SUCCESS: [2/25] ./lattice2D-Lea-4-potential --density 0.7 --tumble-rate 0.02 --total-time 10000 --run-name runs/run_20250711_142354_director-based-sin_track_flux_density/d0.7_t0.02_time10000_gamma-0.5_g1 --save-interval 50 --potential director-based-sin --gamma -0.5 --g 1 --potential-lower 0.2 --potential-upper 0.8 --seed 837437 --track-movement --track-flux --track-density
[3/25] ./lattice2D-Lea-4-potential --density 0.7 --tumble-rate 0.03 --total-time 10000 --run-name runs/run_20250711_142354_director-based-sin_track_flux_density/d0.7_t0.03_time10000_gamma-0.5_g1 --save-interval 33 --potential director-based-sin --gamma -0.5 --g 1 --potential-lower 0.2 --potential-upper 0.8 --seed 837437 --track-movement --track-flux --track-density
SUCCESS: [3/25] ./lattice2D-Lea-4-potential --density 0.7 --tumble-rate 0.03 --total-time 10000 --run-name runs/run_20250711_142354_director-based-sin_track_flux_density/d0.7_t0.03_time10000_gamma-0.5_g1 --save-interval 33 --potential director-based-sin --gamma -0.5 --g 1 --potential-lower 0.2 --potential-upper 0.8 --seed 837437 --track-movement --track-flux --track-density
[4/25] ./lattice2D-Lea-4-potential --density 0.7 --tumble-rate 0.04 --total-time 10000 --run-name runs/run_20250711_142354_director-based-sin_track_flux_density/d0.7_t0.04_time10000_gamma-0.5_g1 --save-interval 25 --potential director-based-sin --gamma -0.5 --g 1 --potential-lower 0.2 --potential-upper 0.8 --seed 837437 --track-movement --track-flux --track-density
SUCCESS: [4/25] ./lattice2D-Lea-4-potential --density 0.7 --tumble-rate 0.04 --total-time 10000 --run-name runs/run_20250711_142354_director-based-sin_track_flux_density/d0.7_t0.04_time10000_gamma-0.5_g1 --save-interval 25 --potential director-based-sin --gamma -0.5 --g 1 --potential-lower 0.2 --potential-upper 0.8 --seed 837437 --track-movement --track-flux --track-density
[5/25] ./lattice2D-Lea-4-potential --density 0.7 --tumble-rate 0.05 --total-time 10000 --run-name runs/run_20250711_142354_director-based-sin_track_flux_density/d0.7_t0.05_time10000_gamma-0.5_g1 --save-interval 20 --potential director-based-sin --gamma -0.5 --g 1 --potential-lower 0.2 --potential-upper 0.8 --seed 837437 --track-movement --track-flux --track-density
SUCCESS: [5/25] ./lattice2D-Lea-4-potential --density 0.7 --tumble-rate 0.05 --total-time 10000 --run-name runs/run_20250711_142354_director-based-sin_track_flux_density/d0.7_t0.05_time10000_gamma-0.5_g1 --save-interval 20 --potential director-based-sin --gamma -0.5 --g 1 --potential-lower 0.2 --potential-upper 0.8 --seed 837437 --track-movement --track-flux --track-density
[6/25] ./lattice2D-Lea-4-potential --density 0.9 --tumble-rate 0.01 --total-time 10000 --run-name runs/run_20250711_142354_director-based-sin_track_flux_density/d0.9_t0.01_time10000_gamma-0.5_g1 --save-interval 100 --potential director-based-sin --gamma -0.5 --g 1 --potential-lower 0.2 --potential-upper 0.8 --seed 837437 --track-movement --track-flux --track-density
SUCCESS: [6/25] ./lattice2D-Lea-4-potential --density 0.9 --tumble-rate 0.01 --total-time 10000 --run-name runs/run_20250711_142354_director-based-sin_track_flux_density/d0.9_t0.01_time10000_gamma-0.5_g1 --save-interval 100 --potential director-based-sin --gamma -0.5 --g 1 --potential-lower 0.2 --potential-upper 0.8 --seed 837437 --track-movement --track-flux --track-density
[7/25] ./lattice2D-Lea-4-potential --density 0.9 --tumble-rate 0.02 --total-time 10000 --run-name runs/run_20250711_142354_director-based-sin_track_flux_density/d0.9_t0.02_time10000_gamma-0.5_g1 --save-interval 50 --potential director-based-sin --gamma -0.5 --g 1 --potential-lower 0.2 --potential-upper 0.8 --seed 837437 --track-movement --track-flux --track-density
SUCCESS: [7/25] ./lattice2D-Lea-4-potential --density 0.9 --tumble-rate 0.02 --total-time 10000 --run-name runs/run_20250711_142354_director-based-sin_track_flux_density/d0.9_t0.02_time10000_gamma-0.5_g1 --save-interval 50 --potential director-based-sin --gamma -0.5 --g 1 --potential-lower 0.2 --potential-upper 0.8 --seed 837437 --track-movement --track-flux --track-density
[8/25] ./lattice2D-Lea-4-potential --density 0.9 --tumble-rate 0.03 --total-time 10000 --run-name runs/run_20250711_142354_director-based-sin_track_flux_density/d0.9_t0.03_time10000_gamma-0.5_g1 --save-interval 33 --potential director-based-sin --gamma -0.5 --g 1 --potential-lower 0.2 --potential-upper 0.8 --seed 837437 --track-movement --track-flux --track-density
SUCCESS: [8/25] ./lattice2D-Lea-4-potential --density 0.9 --tumble-rate 0.03 --total-time 10000 --run-name runs/run_20250711_142354_director-based-sin_track_flux_density/d0.9_t0.03_time10000_gamma-0.5_g1 --save-interval 33 --potential director-based-sin --gamma -0.5 --g 1 --potential-lower 0.2 --potential-upper 0.8 --seed 837437 --track-movement --track-flux --track-density
[9/25] ./lattice2D-Lea-4-potential --density 0.9 --tumble-rate 0.04 --total-time 10000 --run-name runs/run_20250711_142354_director-based-sin_track_flux_density/d0.9_t0.04_time10000_gamma-0.5_g1 --save-interval 25 --potential director-based-sin --gamma -0.5 --g 1 --potential-lower 0.2 --potential-upper 0.8 --seed 837437 --track-movement --track-flux --track-density
SUCCESS: [9/25] ./lattice2D-Lea-4-potential --density 0.9 --tumble-rate 0.04 --total-time 10000 --run-name runs/run_20250711_142354_director-based-sin_track_flux_density/d0.9_t0.04_time10000_gamma-0.5_g1 --save-interval 25 --potential director-based-sin --gamma -0.5 --g 1 --potential-lower 0.2 --potential-upper 0.8 --seed 837437 --track-movement --track-flux --track-density
[10/25] ./lattice2D-Lea-4-potential --density 0.9 --tumble-rate 0.05 --total-time 10000 --run-name runs/run_20250711_142354_director-based-sin_track_flux_density/d0.9_t0.05_time10000_gamma-0.5_g1 --save-interval 20 --potential director-based-sin --gamma -0.5 --g 1 --potential-lower 0.2 --potential-upper 0.8 --seed 837437 --track-movement --track-flux --track-density
SUCCESS: [10/25] ./lattice2D-Lea-4-potential --density 0.9 --tumble-rate 0.05 --total-time 10000 --run-name runs/run_20250711_142354_director-based-sin_track_flux_density/d0.9_t0.05_time10000_gamma-0.5_g1 --save-interval 20 --potential director-based-sin --gamma -0.5 --g 1 --potential-lower 0.2 --potential-upper 0.8 --seed 837437 --track-movement --track-flux --track-density
[11/25] ./lattice2D-Lea-4-potential --density 1.1 --tumble-rate 0.01 --total-time 10000 --run-name runs/run_20250711_142354_director-based-sin_track_flux_density/d1.1_t0.01_time10000_gamma-0.5_g1 --save-interval 100 --potential director-based-sin --gamma -0.5 --g 1 --potential-lower 0.2 --potential-upper 0.8 --seed 837437 --track-movement --track-flux --track-density
SUCCESS: [11/25] ./lattice2D-Lea-4-potential --density 1.1 --tumble-rate 0.01 --total-time 10000 --run-name runs/run_20250711_142354_director-based-sin_track_flux_density/d1.1_t0.01_time10000_gamma-0.5_g1 --save-interval 100 --potential director-based-sin --gamma -0.5 --g 1 --potential-lower 0.2 --potential-upper 0.8 --seed 837437 --track-movement --track-flux --track-density
[12/25] ./lattice2D-Lea-4-potential --density 1.1 --tumble-rate 0.02 --total-time 10000 --run-name runs/run_20250711_142354_director-based-sin_track_flux_density/d1.1_t0.02_time10000_gamma-0.5_g1 --save-interval 50 --potential director-based-sin --gamma -0.5 --g 1 --potential-lower 0.2 --potential-upper 0.8 --seed 837437 --track-movement --track-flux --track-density
SUCCESS: [12/25] ./lattice2D-Lea-4-potential --density 1.1 --tumble-rate 0.02 --total-time 10000 --run-name runs/run_20250711_142354_director-based-sin_track_flux_density/d1.1_t0.02_time10000_gamma-0.5_g1 --save-interval 50 --potential director-based-sin --gamma -0.5 --g 1 --potential-lower 0.2 --potential-upper 0.8 --seed 837437 --track-movement --track-flux --track-density
[13/25] ./lattice2D-Lea-4-potential --density 1.1 --tumble-rate 0.03 --total-time 10000 --run-name runs/run_20250711_142354_director-based-sin_track_flux_density/d1.1_t0.03_time10000_gamma-0.5_g1 --save-interval 33 --potential director-based-sin --gamma -0.5 --g 1 --potential-lower 0.2 --potential-upper 0.8 --seed 837437 --track-movement --track-flux --track-density
SUCCESS: [13/25] ./lattice2D-Lea-4-potential --density 1.1 --tumble-rate 0.03 --total-time 10000 --run-name runs/run_20250711_142354_director-based-sin_track_flux_density/d1.1_t0.03_time10000_gamma-0.5_g1 --save-interval 33 --potential director-based-sin --gamma -0.5 --g 1 --potential-lower 0.2 --potential-upper 0.8 --seed 837437 --track-movement --track-flux --track-density
[14/25] ./lattice2D-Lea-4-potential --density 1.1 --tumble-rate 0.04 --total-time 10000 --run-name runs/run_20250711_142354_director-based-sin_track_flux_density/d1.1_t0.04_time10000_gamma-0.5_g1 --save-interval 25 --potential director-based-sin --gamma -0.5 --g 1 --potential-lower 0.2 --potential-upper 0.8 --seed 837437 --track-movement --track-flux --track-density
SUCCESS: [14/25] ./lattice2D-Lea-4-potential --density 1.1 --tumble-rate 0.04 --total-time 10000 --run-name runs/run_20250711_142354_director-based-sin_track_flux_density/d1.1_t0.04_time10000_gamma-0.5_g1 --save-interval 25 --potential director-based-sin --gamma -0.5 --g 1 --potential-lower 0.2 --potential-upper 0.8 --seed 837437 --track-movement --track-flux --track-density
[15/25] ./lattice2D-Lea-4-potential --density 1.1 --tumble-rate 0.05 --total-time 10000 --run-name runs/run_20250711_142354_director-based-sin_track_flux_density/d1.1_t0.05_time10000_gamma-0.5_g1 --save-interval 20 --potential director-based-sin --gamma -0.5 --g 1 --potential-lower 0.2 --potential-upper 0.8 --seed 837437 --track-movement --track-flux --track-density
SUCCESS: [15/25] ./lattice2D-Lea-4-potential --density 1.1 --tumble-rate 0.05 --total-time 10000 --run-name runs/run_20250711_142354_director-based-sin_track_flux_density/d1.1_t0.05_time10000_gamma-0.5_g1 --save-interval 20 --potential director-based-sin --gamma -0.5 --g 1 --potential-lower 0.2 --potential-upper 0.8 --seed 837437 --track-movement --track-flux --track-density
[16/25] ./lattice2D-Lea-4-potential --density 1.3 --tumble-rate 0.01 --total-time 10000 --run-name runs/run_20250711_142354_director-based-sin_track_flux_density/d1.3_t0.01_time10000_gamma-0.5_g1 --save-interval 100 --potential director-based-sin --gamma -0.5 --g 1 --potential-lower 0.2 --potential-upper 0.8 --seed 837437 --track-movement --track-flux --track-density
SUCCESS: [16/25] ./lattice2D-Lea-4-potential --density 1.3 --tumble-rate 0.01 --total-time 10000 --run-name runs/run_20250711_142354_director-based-sin_track_flux_density/d1.3_t0.01_time10000_gamma-0.5_g1 --save-interval 100 --potential director-based-sin --gamma -0.5 --g 1 --potential-lower 0.2 --potential-upper 0.8 --seed 837437 --track-movement --track-flux --track-density
[17/25] ./lattice2D-Lea-4-potential --density 1.3 --tumble-rate 0.02 --total-time 10000 --run-name runs/run_20250711_142354_director-based-sin_track_flux_density/d1.3_t0.02_time10000_gamma-0.5_g1 --save-interval 50 --potential director-based-sin --gamma -0.5 --g 1 --potential-lower 0.2 --potential-upper 0.8 --seed 837437 --track-movement --track-flux --track-density
SUCCESS: [17/25] ./lattice2D-Lea-4-potential --density 1.3 --tumble-rate 0.02 --total-time 10000 --run-name runs/run_20250711_142354_director-based-sin_track_flux_density/d1.3_t0.02_time10000_gamma-0.5_g1 --save-interval 50 --potential director-based-sin --gamma -0.5 --g 1 --potential-lower 0.2 --potential-upper 0.8 --seed 837437 --track-movement --track-flux --track-density
[18/25] ./lattice2D-Lea-4-potential --density 1.3 --tumble-rate 0.03 --total-time 10000 --run-name runs/run_20250711_142354_director-based-sin_track_flux_density/d1.3_t0.03_time10000_gamma-0.5_g1 --save-interval 33 --potential director-based-sin --gamma -0.5 --g 1 --potential-lower 0.2 --potential-upper 0.8 --seed 837437 --track-movement --track-flux --track-density
SUCCESS: [18/25] ./lattice2D-Lea-4-potential --density 1.3 --tumble-rate 0.03 --total-time 10000 --run-name runs/run_20250711_142354_director-based-sin_track_flux_density/d1.3_t0.03_time10000_gamma-0.5_g1 --save-interval 33 --potential director-based-sin --gamma -0.5 --g 1 --potential-lower 0.2 --potential-upper 0.8 --seed 837437 --track-movement --track-flux --track-density
[19/25] ./lattice2D-Lea-4-potential --density 1.3 --tumble-rate 0.04 --total-time 10000 --run-name runs/run_20250711_142354_director-based-sin_track_flux_density/d1.3_t0.04_time10000_gamma-0.5_g1 --save-interval 25 --potential director-based-sin --gamma -0.5 --g 1 --potential-lower 0.2 --potential-upper 0.8 --seed 837437 --track-movement --track-flux --track-density
SUCCESS: [19/25] ./lattice2D-Lea-4-potential --density 1.3 --tumble-rate 0.04 --total-time 10000 --run-name runs/run_20250711_142354_director-based-sin_track_flux_density/d1.3_t0.04_time10000_gamma-0.5_g1 --save-interval 25 --potential director-based-sin --gamma -0.5 --g 1 --potential-lower 0.2 --potential-upper 0.8 --seed 837437 --track-movement --track-flux --track-density
[20/25] ./lattice2D-Lea-4-potential --density 1.3 --tumble-rate 0.05 --total-time 10000 --run-name runs/run_20250711_142354_director-based-sin_track_flux_density/d1.3_t0.05_time10000_gamma-0.5_g1 --save-interval 20 --potential director-based-sin --gamma -0.5 --g 1 --potential-lower 0.2 --potential-upper 0.8 --seed 837437 --track-movement --track-flux --track-density
SUCCESS: [20/25] ./lattice2D-Lea-4-potential --density 1.3 --tumble-rate 0.05 --total-time 10000 --run-name runs/run_20250711_142354_director-based-sin_track_flux_density/d1.3_t0.05_time10000_gamma-0.5_g1 --save-interval 20 --potential director-based-sin --gamma -0.5 --g 1 --potential-lower 0.2 --potential-upper 0.8 --seed 837437 --track-movement --track-flux --track-density
[21/25] ./lattice2D-Lea-4-potential --density 1.5 --tumble-rate 0.01 --total-time 10000 --run-name runs/run_20250711_142354_director-based-sin_track_flux_density/d1.5_t0.01_time10000_gamma-0.5_g1 --save-interval 100 --potential director-based-sin --gamma -0.5 --g 1 --potential-lower 0.2 --potential-upper 0.8 --seed 837437 --track-movement --track-flux --track-density
SUCCESS: [21/25] ./lattice2D-Lea-4-potential --density 1.5 --tumble-rate 0.01 --total-time 10000 --run-name runs/run_20250711_142354_director-based-sin_track_flux_density/d1.5_t0.01_time10000_gamma-0.5_g1 --save-interval 100 --potential director-based-sin --gamma -0.5 --g 1 --potential-lower 0.2 --potential-upper 0.8 --seed 837437 --track-movement --track-flux --track-density
[22/25] ./lattice2D-Lea-4-potential --density 1.5 --tumble-rate 0.02 --total-time 10000 --run-name runs/run_20250711_142354_director-based-sin_track_flux_density/d1.5_t0.02_time10000_gamma-0.5_g1 --save-interval 50 --potential director-based-sin --gamma -0.5 --g 1 --potential-lower 0.2 --potential-upper 0.8 --seed 837437 --track-movement --track-flux --track-density
SUCCESS: [22/25] ./lattice2D-Lea-4-potential --density 1.5 --tumble-rate 0.02 --total-time 10000 --run-name runs/run_20250711_142354_director-based-sin_track_flux_density/d1.5_t0.02_time10000_gamma-0.5_g1 --save-interval 50 --potential director-based-sin --gamma -0.5 --g 1 --potential-lower 0.2 --potential-upper 0.8 --seed 837437 --track-movement --track-flux --track-density
[23/25] ./lattice2D-Lea-4-potential --density 1.5 --tumble-rate 0.03 --total-time 10000 --run-name runs/run_20250711_142354_director-based-sin_track_flux_density/d1.5_t0.03_time10000_gamma-0.5_g1 --save-interval 33 --potential director-based-sin --gamma -0.5 --g 1 --potential-lower 0.2 --potential-upper 0.8 --seed 837437 --track-movement --track-flux --track-density
SUCCESS: [23/25] ./lattice2D-Lea-4-potential --density 1.5 --tumble-rate 0.03 --total-time 10000 --run-name runs/run_20250711_142354_director-based-sin_track_flux_density/d1.5_t0.03_time10000_gamma-0.5_g1 --save-interval 33 --potential director-based-sin --gamma -0.5 --g 1 --potential-lower 0.2 --potential-upper 0.8 --seed 837437 --track-movement --track-flux --track-density
[24/25] ./lattice2D-Lea-4-potential --density 1.5 --tumble-rate 0.04 --total-time 10000 --run-name runs/run_20250711_142354_director-based-sin_track_flux_density/d1.5_t0.04_time10000_gamma-0.5_g1 --save-interval 25 --potential director-based-sin --gamma -0.5 --g 1 --potential-lower 0.2 --potential-upper 0.8 --seed 837437 --track-movement --track-flux --track-density
SUCCESS: [24/25] ./lattice2D-Lea-4-potential --density 1.5 --tumble-rate 0.04 --total-time 10000 --run-name runs/run_20250711_142354_director-based-sin_track_flux_density/d1.5_t0.04_time10000_gamma-0.5_g1 --save-interval 25 --potential director-based-sin --gamma -0.5 --g 1 --potential-lower 0.2 --potential-upper 0.8 --seed 837437 --track-movement --track-flux --track-density
[25/25] ./lattice2D-Lea-4-potential --density 1.5 --tumble-rate 0.05 --total-time 10000 --run-name runs/run_20250711_142354_director-based-sin_track_flux_density/d1.5_t0.05_time10000_gamma-0.5_g1 --save-interval 20 --potential director-based-sin --gamma -0.5 --g 1 --potential-lower 0.2 --potential-upper 0.8 --seed 837437 --track-movement --track-flux --track-density
SUCCESS: [25/25] ./lattice2D-Lea-4-potential --density 1.5 --tumble-rate 0.05 --total-time 10000 --run-name runs/run_20250711_142354_director-based-sin_track_flux_density/d1.5_t0.05_time10000_gamma-0.5_g1 --save-interval 20 --potential director-based-sin --gamma -0.5 --g 1 --potential-lower 0.2 --potential-upper 0.8 --seed 837437 --track-movement --track-flux --track-density

# Parameter sweep completed on Fri Jul 11 14:25:12 -04 2025
# Total runs: 25
# Configuration:
#   - Movement probability type: director-based-sin
#   - Start config: false
#   - Save interval: auto
#   - Movement tracking: 1
#   - Flux tracking: 1
#   - Density tracking: 1
#   - Gamma parameter: -0.5
#   - G parameter: 1
