# Parameter sweep run started on Thu Jul 10 11:42:16 -04 2025
# Working directory: /Users/leabauer/Documents/code
# Git commit: e3200b3ab1209b042b15dc119ab067ac7791a067
# Command line: ./run_4_potential.sh --move-prob uneven-sin --track-movement --track-flux --track-density

[1/15] ./lattice2D-Lea-4-potential --density 0.5 --tumble-rate 0.001 --total-time 10000 --run-name runs/run_20250710_114216_uneven-sin_track_flux_density/d0.5_t0.001_time10000_gamma-0.5_g1 --potential uneven-sin --save-interval 1000 --track-movement --track-flux --track-density --gamma -0.5 --potential-lower 0.0 --potential-upper 1.0
SUCCESS: [1/15] ./lattice2D-Lea-4-potential --density 0.5 --tumble-rate 0.001 --total-time 10000 --run-name runs/run_20250710_114216_uneven-sin_track_flux_density/d0.5_t0.001_time10000_gamma-0.5_g1 --potential uneven-sin --save-interval 1000 --track-movement --track-flux --track-density --gamma -0.5 --potential-lower 0.0 --potential-upper 1.0
[2/15] ./lattice2D-Lea-4-potential --density 0.5 --tumble-rate 0.005 --total-time 10000 --run-name runs/run_20250710_114216_uneven-sin_track_flux_density/d0.5_t0.005_time10000_gamma-0.5_g1 --potential uneven-sin --save-interval 200 --track-movement --track-flux --track-density --gamma -0.5 --potential-lower 0.0 --potential-upper 1.0
SUCCESS: [2/15] ./lattice2D-Lea-4-potential --density 0.5 --tumble-rate 0.005 --total-time 10000 --run-name runs/run_20250710_114216_uneven-sin_track_flux_density/d0.5_t0.005_time10000_gamma-0.5_g1 --potential uneven-sin --save-interval 200 --track-movement --track-flux --track-density --gamma -0.5 --potential-lower 0.0 --potential-upper 1.0
[3/15] ./lattice2D-Lea-4-potential --density 0.5 --tumble-rate 0.01 --total-time 10000 --run-name runs/run_20250710_114216_uneven-sin_track_flux_density/d0.5_t0.01_time10000_gamma-0.5_g1 --potential uneven-sin --save-interval 100 --track-movement --track-flux --track-density --gamma -0.5 --potential-lower 0.0 --potential-upper 1.0
SUCCESS: [3/15] ./lattice2D-Lea-4-potential --density 0.5 --tumble-rate 0.01 --total-time 10000 --run-name runs/run_20250710_114216_uneven-sin_track_flux_density/d0.5_t0.01_time10000_gamma-0.5_g1 --potential uneven-sin --save-interval 100 --track-movement --track-flux --track-density --gamma -0.5 --potential-lower 0.0 --potential-upper 1.0
[4/15] ./lattice2D-Lea-4-potential --density 0.5 --tumble-rate 0.05 --total-time 10000 --run-name runs/run_20250710_114216_uneven-sin_track_flux_density/d0.5_t0.05_time10000_gamma-0.5_g1 --potential uneven-sin --save-interval 20 --track-movement --track-flux --track-density --gamma -0.5 --potential-lower 0.0 --potential-upper 1.0
SUCCESS: [4/15] ./lattice2D-Lea-4-potential --density 0.5 --tumble-rate 0.05 --total-time 10000 --run-name runs/run_20250710_114216_uneven-sin_track_flux_density/d0.5_t0.05_time10000_gamma-0.5_g1 --potential uneven-sin --save-interval 20 --track-movement --track-flux --track-density --gamma -0.5 --potential-lower 0.0 --potential-upper 1.0
[5/15] ./lattice2D-Lea-4-potential --density 0.5 --tumble-rate 0.1 --total-time 10000 --run-name runs/run_20250710_114216_uneven-sin_track_flux_density/d0.5_t0.1_time10000_gamma-0.5_g1 --potential uneven-sin --save-interval 10 --track-movement --track-flux --track-density --gamma -0.5 --potential-lower 0.0 --potential-upper 1.0
SUCCESS: [5/15] ./lattice2D-Lea-4-potential --density 0.5 --tumble-rate 0.1 --total-time 10000 --run-name runs/run_20250710_114216_uneven-sin_track_flux_density/d0.5_t0.1_time10000_gamma-0.5_g1 --potential uneven-sin --save-interval 10 --track-movement --track-flux --track-density --gamma -0.5 --potential-lower 0.0 --potential-upper 1.0
[6/15] ./lattice2D-Lea-4-potential --density 0.6 --tumble-rate 0.001 --total-time 10000 --run-name runs/run_20250710_114216_uneven-sin_track_flux_density/d0.6_t0.001_time10000_gamma-0.5_g1 --potential uneven-sin --save-interval 1000 --track-movement --track-flux --track-density --gamma -0.5 --potential-lower 0.0 --potential-upper 1.0
SUCCESS: [6/15] ./lattice2D-Lea-4-potential --density 0.6 --tumble-rate 0.001 --total-time 10000 --run-name runs/run_20250710_114216_uneven-sin_track_flux_density/d0.6_t0.001_time10000_gamma-0.5_g1 --potential uneven-sin --save-interval 1000 --track-movement --track-flux --track-density --gamma -0.5 --potential-lower 0.0 --potential-upper 1.0
[7/15] ./lattice2D-Lea-4-potential --density 0.6 --tumble-rate 0.005 --total-time 10000 --run-name runs/run_20250710_114216_uneven-sin_track_flux_density/d0.6_t0.005_time10000_gamma-0.5_g1 --potential uneven-sin --save-interval 200 --track-movement --track-flux --track-density --gamma -0.5 --potential-lower 0.0 --potential-upper 1.0
SUCCESS: [7/15] ./lattice2D-Lea-4-potential --density 0.6 --tumble-rate 0.005 --total-time 10000 --run-name runs/run_20250710_114216_uneven-sin_track_flux_density/d0.6_t0.005_time10000_gamma-0.5_g1 --potential uneven-sin --save-interval 200 --track-movement --track-flux --track-density --gamma -0.5 --potential-lower 0.0 --potential-upper 1.0
[8/15] ./lattice2D-Lea-4-potential --density 0.6 --tumble-rate 0.01 --total-time 10000 --run-name runs/run_20250710_114216_uneven-sin_track_flux_density/d0.6_t0.01_time10000_gamma-0.5_g1 --potential uneven-sin --save-interval 100 --track-movement --track-flux --track-density --gamma -0.5 --potential-lower 0.0 --potential-upper 1.0
SUCCESS: [8/15] ./lattice2D-Lea-4-potential --density 0.6 --tumble-rate 0.01 --total-time 10000 --run-name runs/run_20250710_114216_uneven-sin_track_flux_density/d0.6_t0.01_time10000_gamma-0.5_g1 --potential uneven-sin --save-interval 100 --track-movement --track-flux --track-density --gamma -0.5 --potential-lower 0.0 --potential-upper 1.0
[9/15] ./lattice2D-Lea-4-potential --density 0.6 --tumble-rate 0.05 --total-time 10000 --run-name runs/run_20250710_114216_uneven-sin_track_flux_density/d0.6_t0.05_time10000_gamma-0.5_g1 --potential uneven-sin --save-interval 20 --track-movement --track-flux --track-density --gamma -0.5 --potential-lower 0.0 --potential-upper 1.0
SUCCESS: [9/15] ./lattice2D-Lea-4-potential --density 0.6 --tumble-rate 0.05 --total-time 10000 --run-name runs/run_20250710_114216_uneven-sin_track_flux_density/d0.6_t0.05_time10000_gamma-0.5_g1 --potential uneven-sin --save-interval 20 --track-movement --track-flux --track-density --gamma -0.5 --potential-lower 0.0 --potential-upper 1.0
[10/15] ./lattice2D-Lea-4-potential --density 0.6 --tumble-rate 0.1 --total-time 10000 --run-name runs/run_20250710_114216_uneven-sin_track_flux_density/d0.6_t0.1_time10000_gamma-0.5_g1 --potential uneven-sin --save-interval 10 --track-movement --track-flux --track-density --gamma -0.5 --potential-lower 0.0 --potential-upper 1.0
SUCCESS: [10/15] ./lattice2D-Lea-4-potential --density 0.6 --tumble-rate 0.1 --total-time 10000 --run-name runs/run_20250710_114216_uneven-sin_track_flux_density/d0.6_t0.1_time10000_gamma-0.5_g1 --potential uneven-sin --save-interval 10 --track-movement --track-flux --track-density --gamma -0.5 --potential-lower 0.0 --potential-upper 1.0
[11/15] ./lattice2D-Lea-4-potential --density 0.7 --tumble-rate 0.001 --total-time 10000 --run-name runs/run_20250710_114216_uneven-sin_track_flux_density/d0.7_t0.001_time10000_gamma-0.5_g1 --potential uneven-sin --save-interval 1000 --track-movement --track-flux --track-density --gamma -0.5 --potential-lower 0.0 --potential-upper 1.0
SUCCESS: [11/15] ./lattice2D-Lea-4-potential --density 0.7 --tumble-rate 0.001 --total-time 10000 --run-name runs/run_20250710_114216_uneven-sin_track_flux_density/d0.7_t0.001_time10000_gamma-0.5_g1 --potential uneven-sin --save-interval 1000 --track-movement --track-flux --track-density --gamma -0.5 --potential-lower 0.0 --potential-upper 1.0
[12/15] ./lattice2D-Lea-4-potential --density 0.7 --tumble-rate 0.005 --total-time 10000 --run-name runs/run_20250710_114216_uneven-sin_track_flux_density/d0.7_t0.005_time10000_gamma-0.5_g1 --potential uneven-sin --save-interval 200 --track-movement --track-flux --track-density --gamma -0.5 --potential-lower 0.0 --potential-upper 1.0
SUCCESS: [12/15] ./lattice2D-Lea-4-potential --density 0.7 --tumble-rate 0.005 --total-time 10000 --run-name runs/run_20250710_114216_uneven-sin_track_flux_density/d0.7_t0.005_time10000_gamma-0.5_g1 --potential uneven-sin --save-interval 200 --track-movement --track-flux --track-density --gamma -0.5 --potential-lower 0.0 --potential-upper 1.0
[13/15] ./lattice2D-Lea-4-potential --density 0.7 --tumble-rate 0.01 --total-time 10000 --run-name runs/run_20250710_114216_uneven-sin_track_flux_density/d0.7_t0.01_time10000_gamma-0.5_g1 --potential uneven-sin --save-interval 100 --track-movement --track-flux --track-density --gamma -0.5 --potential-lower 0.0 --potential-upper 1.0
SUCCESS: [13/15] ./lattice2D-Lea-4-potential --density 0.7 --tumble-rate 0.01 --total-time 10000 --run-name runs/run_20250710_114216_uneven-sin_track_flux_density/d0.7_t0.01_time10000_gamma-0.5_g1 --potential uneven-sin --save-interval 100 --track-movement --track-flux --track-density --gamma -0.5 --potential-lower 0.0 --potential-upper 1.0
[14/15] ./lattice2D-Lea-4-potential --density 0.7 --tumble-rate 0.05 --total-time 10000 --run-name runs/run_20250710_114216_uneven-sin_track_flux_density/d0.7_t0.05_time10000_gamma-0.5_g1 --potential uneven-sin --save-interval 20 --track-movement --track-flux --track-density --gamma -0.5 --potential-lower 0.0 --potential-upper 1.0
SUCCESS: [14/15] ./lattice2D-Lea-4-potential --density 0.7 --tumble-rate 0.05 --total-time 10000 --run-name runs/run_20250710_114216_uneven-sin_track_flux_density/d0.7_t0.05_time10000_gamma-0.5_g1 --potential uneven-sin --save-interval 20 --track-movement --track-flux --track-density --gamma -0.5 --potential-lower 0.0 --potential-upper 1.0
[15/15] ./lattice2D-Lea-4-potential --density 0.7 --tumble-rate 0.1 --total-time 10000 --run-name runs/run_20250710_114216_uneven-sin_track_flux_density/d0.7_t0.1_time10000_gamma-0.5_g1 --potential uneven-sin --save-interval 10 --track-movement --track-flux --track-density --gamma -0.5 --potential-lower 0.0 --potential-upper 1.0
SUCCESS: [15/15] ./lattice2D-Lea-4-potential --density 0.7 --tumble-rate 0.1 --total-time 10000 --run-name runs/run_20250710_114216_uneven-sin_track_flux_density/d0.7_t0.1_time10000_gamma-0.5_g1 --potential uneven-sin --save-interval 10 --track-movement --track-flux --track-density --gamma -0.5 --potential-lower 0.0 --potential-upper 1.0

# Parameter sweep completed on Thu Jul 10 11:42:49 -04 2025
# Total runs: 15
# Configuration:
#   - Movement probability type: uneven-sin
#   - Start config: false
#   - Save interval: auto
#   - Movement tracking: 1
#   - Flux tracking: 1
#   - Density tracking: 1
#   - Gamma parameter: -0.5
