# Parameter sweep run started on Wed Jul 30 11:21:46 -04 2025
# Working directory: /Users/leabauer/Documents/code
# Git commit: ea19edff82c5d955c720031bfd4e7b1f4d610a2a
# Command line: ./run_4_potential.sh --move-prob director-uneven-sin --track-movement --track-flux --track-density

[1/24] ./lattice2D-Lea-4-potential --density 0.7 --tumble-rate 0.07 --total-time 10000 --run-name runs/run_20250730_112146_director-uneven-sin_track_flux_density/d0.7_t0.07_time10000_gamma-0.5 --save-interval 14 --potential director-uneven-sin --gamma -0.5 --v0 0.5 --amplitude 0.4 --seed 837437 --track-movement --track-flux --track-density
SUCCESS: [1/24] ./lattice2D-Lea-4-potential --density 0.7 --tumble-rate 0.07 --total-time 10000 --run-name runs/run_20250730_112146_director-uneven-sin_track_flux_density/d0.7_t0.07_time10000_gamma-0.5 --save-interval 14 --potential director-uneven-sin --gamma -0.5 --v0 0.5 --amplitude 0.4 --seed 837437 --track-movement --track-flux --track-density
[2/24] ./lattice2D-Lea-4-potential --density 0.7 --tumble-rate 0.08 --total-time 10000 --run-name runs/run_20250730_112146_director-uneven-sin_track_flux_density/d0.7_t0.08_time10000_gamma-0.5 --save-interval 12 --potential director-uneven-sin --gamma -0.5 --v0 0.5 --amplitude 0.4 --seed 837437 --track-movement --track-flux --track-density
SUCCESS: [2/24] ./lattice2D-Lea-4-potential --density 0.7 --tumble-rate 0.08 --total-time 10000 --run-name runs/run_20250730_112146_director-uneven-sin_track_flux_density/d0.7_t0.08_time10000_gamma-0.5 --save-interval 12 --potential director-uneven-sin --gamma -0.5 --v0 0.5 --amplitude 0.4 --seed 837437 --track-movement --track-flux --track-density
[3/24] ./lattice2D-Lea-4-potential --density 0.7 --tumble-rate 0.09 --total-time 10000 --run-name runs/run_20250730_112146_director-uneven-sin_track_flux_density/d0.7_t0.09_time10000_gamma-0.5 --save-interval 11 --potential director-uneven-sin --gamma -0.5 --v0 0.5 --amplitude 0.4 --seed 837437 --track-movement --track-flux --track-density
SUCCESS: [3/24] ./lattice2D-Lea-4-potential --density 0.7 --tumble-rate 0.09 --total-time 10000 --run-name runs/run_20250730_112146_director-uneven-sin_track_flux_density/d0.7_t0.09_time10000_gamma-0.5 --save-interval 11 --potential director-uneven-sin --gamma -0.5 --v0 0.5 --amplitude 0.4 --seed 837437 --track-movement --track-flux --track-density
[4/24] ./lattice2D-Lea-4-potential --density 0.7 --tumble-rate 0.15 --total-time 10000 --run-name runs/run_20250730_112146_director-uneven-sin_track_flux_density/d0.7_t0.15_time10000_gamma-0.5 --save-interval 7 --potential director-uneven-sin --gamma -0.5 --v0 0.5 --amplitude 0.4 --seed 837437 --track-movement --track-flux --track-density
SUCCESS: [4/24] ./lattice2D-Lea-4-potential --density 0.7 --tumble-rate 0.15 --total-time 10000 --run-name runs/run_20250730_112146_director-uneven-sin_track_flux_density/d0.7_t0.15_time10000_gamma-0.5 --save-interval 7 --potential director-uneven-sin --gamma -0.5 --v0 0.5 --amplitude 0.4 --seed 837437 --track-movement --track-flux --track-density
[5/24] ./lattice2D-Lea-4-potential --density 0.7 --tumble-rate 0.2 --total-time 10000 --run-name runs/run_20250730_112146_director-uneven-sin_track_flux_density/d0.7_t0.2_time10000_gamma-0.5 --save-interval 5 --potential director-uneven-sin --gamma -0.5 --v0 0.5 --amplitude 0.4 --seed 837437 --track-movement --track-flux --track-density
SUCCESS: [5/24] ./lattice2D-Lea-4-potential --density 0.7 --tumble-rate 0.2 --total-time 10000 --run-name runs/run_20250730_112146_director-uneven-sin_track_flux_density/d0.7_t0.2_time10000_gamma-0.5 --save-interval 5 --potential director-uneven-sin --gamma -0.5 --v0 0.5 --amplitude 0.4 --seed 837437 --track-movement --track-flux --track-density
[6/24] ./lattice2D-Lea-4-potential --density 0.7 --tumble-rate 0.3 --total-time 10000 --run-name runs/run_20250730_112146_director-uneven-sin_track_flux_density/d0.7_t0.3_time10000_gamma-0.5 --save-interval 3 --potential director-uneven-sin --gamma -0.5 --v0 0.5 --amplitude 0.4 --seed 837437 --track-movement --track-flux --track-density
SUCCESS: [6/24] ./lattice2D-Lea-4-potential --density 0.7 --tumble-rate 0.3 --total-time 10000 --run-name runs/run_20250730_112146_director-uneven-sin_track_flux_density/d0.7_t0.3_time10000_gamma-0.5 --save-interval 3 --potential director-uneven-sin --gamma -0.5 --v0 0.5 --amplitude 0.4 --seed 837437 --track-movement --track-flux --track-density
[7/24] ./lattice2D-Lea-4-potential --density 0.7 --tumble-rate 0.5 --total-time 10000 --run-name runs/run_20250730_112146_director-uneven-sin_track_flux_density/d0.7_t0.5_time10000_gamma-0.5 --save-interval 2 --potential director-uneven-sin --gamma -0.5 --v0 0.5 --amplitude 0.4 --seed 837437 --track-movement --track-flux --track-density
SUCCESS: [7/24] ./lattice2D-Lea-4-potential --density 0.7 --tumble-rate 0.5 --total-time 10000 --run-name runs/run_20250730_112146_director-uneven-sin_track_flux_density/d0.7_t0.5_time10000_gamma-0.5 --save-interval 2 --potential director-uneven-sin --gamma -0.5 --v0 0.5 --amplitude 0.4 --seed 837437 --track-movement --track-flux --track-density
[8/24] ./lattice2D-Lea-4-potential --density 0.7 --tumble-rate 0.7 --total-time 10000 --run-name runs/run_20250730_112146_director-uneven-sin_track_flux_density/d0.7_t0.7_time10000_gamma-0.5 --save-interval 1 --potential director-uneven-sin --gamma -0.5 --v0 0.5 --amplitude 0.4 --seed 837437 --track-movement --track-flux --track-density
SUCCESS: [8/24] ./lattice2D-Lea-4-potential --density 0.7 --tumble-rate 0.7 --total-time 10000 --run-name runs/run_20250730_112146_director-uneven-sin_track_flux_density/d0.7_t0.7_time10000_gamma-0.5 --save-interval 1 --potential director-uneven-sin --gamma -0.5 --v0 0.5 --amplitude 0.4 --seed 837437 --track-movement --track-flux --track-density
[9/24] ./lattice2D-Lea-4-potential --density 0.8 --tumble-rate 0.07 --total-time 10000 --run-name runs/run_20250730_112146_director-uneven-sin_track_flux_density/d0.8_t0.07_time10000_gamma-0.5 --save-interval 14 --potential director-uneven-sin --gamma -0.5 --v0 0.5 --amplitude 0.4 --seed 837437 --track-movement --track-flux --track-density
SUCCESS: [9/24] ./lattice2D-Lea-4-potential --density 0.8 --tumble-rate 0.07 --total-time 10000 --run-name runs/run_20250730_112146_director-uneven-sin_track_flux_density/d0.8_t0.07_time10000_gamma-0.5 --save-interval 14 --potential director-uneven-sin --gamma -0.5 --v0 0.5 --amplitude 0.4 --seed 837437 --track-movement --track-flux --track-density
[10/24] ./lattice2D-Lea-4-potential --density 0.8 --tumble-rate 0.08 --total-time 10000 --run-name runs/run_20250730_112146_director-uneven-sin_track_flux_density/d0.8_t0.08_time10000_gamma-0.5 --save-interval 12 --potential director-uneven-sin --gamma -0.5 --v0 0.5 --amplitude 0.4 --seed 837437 --track-movement --track-flux --track-density
SUCCESS: [10/24] ./lattice2D-Lea-4-potential --density 0.8 --tumble-rate 0.08 --total-time 10000 --run-name runs/run_20250730_112146_director-uneven-sin_track_flux_density/d0.8_t0.08_time10000_gamma-0.5 --save-interval 12 --potential director-uneven-sin --gamma -0.5 --v0 0.5 --amplitude 0.4 --seed 837437 --track-movement --track-flux --track-density
[11/24] ./lattice2D-Lea-4-potential --density 0.8 --tumble-rate 0.09 --total-time 10000 --run-name runs/run_20250730_112146_director-uneven-sin_track_flux_density/d0.8_t0.09_time10000_gamma-0.5 --save-interval 11 --potential director-uneven-sin --gamma -0.5 --v0 0.5 --amplitude 0.4 --seed 837437 --track-movement --track-flux --track-density
SUCCESS: [11/24] ./lattice2D-Lea-4-potential --density 0.8 --tumble-rate 0.09 --total-time 10000 --run-name runs/run_20250730_112146_director-uneven-sin_track_flux_density/d0.8_t0.09_time10000_gamma-0.5 --save-interval 11 --potential director-uneven-sin --gamma -0.5 --v0 0.5 --amplitude 0.4 --seed 837437 --track-movement --track-flux --track-density
[12/24] ./lattice2D-Lea-4-potential --density 0.8 --tumble-rate 0.15 --total-time 10000 --run-name runs/run_20250730_112146_director-uneven-sin_track_flux_density/d0.8_t0.15_time10000_gamma-0.5 --save-interval 7 --potential director-uneven-sin --gamma -0.5 --v0 0.5 --amplitude 0.4 --seed 837437 --track-movement --track-flux --track-density
SUCCESS: [12/24] ./lattice2D-Lea-4-potential --density 0.8 --tumble-rate 0.15 --total-time 10000 --run-name runs/run_20250730_112146_director-uneven-sin_track_flux_density/d0.8_t0.15_time10000_gamma-0.5 --save-interval 7 --potential director-uneven-sin --gamma -0.5 --v0 0.5 --amplitude 0.4 --seed 837437 --track-movement --track-flux --track-density
[13/24] ./lattice2D-Lea-4-potential --density 0.8 --tumble-rate 0.2 --total-time 10000 --run-name runs/run_20250730_112146_director-uneven-sin_track_flux_density/d0.8_t0.2_time10000_gamma-0.5 --save-interval 5 --potential director-uneven-sin --gamma -0.5 --v0 0.5 --amplitude 0.4 --seed 837437 --track-movement --track-flux --track-density
SUCCESS: [13/24] ./lattice2D-Lea-4-potential --density 0.8 --tumble-rate 0.2 --total-time 10000 --run-name runs/run_20250730_112146_director-uneven-sin_track_flux_density/d0.8_t0.2_time10000_gamma-0.5 --save-interval 5 --potential director-uneven-sin --gamma -0.5 --v0 0.5 --amplitude 0.4 --seed 837437 --track-movement --track-flux --track-density
[14/24] ./lattice2D-Lea-4-potential --density 0.8 --tumble-rate 0.3 --total-time 10000 --run-name runs/run_20250730_112146_director-uneven-sin_track_flux_density/d0.8_t0.3_time10000_gamma-0.5 --save-interval 3 --potential director-uneven-sin --gamma -0.5 --v0 0.5 --amplitude 0.4 --seed 837437 --track-movement --track-flux --track-density
SUCCESS: [14/24] ./lattice2D-Lea-4-potential --density 0.8 --tumble-rate 0.3 --total-time 10000 --run-name runs/run_20250730_112146_director-uneven-sin_track_flux_density/d0.8_t0.3_time10000_gamma-0.5 --save-interval 3 --potential director-uneven-sin --gamma -0.5 --v0 0.5 --amplitude 0.4 --seed 837437 --track-movement --track-flux --track-density
[15/24] ./lattice2D-Lea-4-potential --density 0.8 --tumble-rate 0.5 --total-time 10000 --run-name runs/run_20250730_112146_director-uneven-sin_track_flux_density/d0.8_t0.5_time10000_gamma-0.5 --save-interval 2 --potential director-uneven-sin --gamma -0.5 --v0 0.5 --amplitude 0.4 --seed 837437 --track-movement --track-flux --track-density
SUCCESS: [15/24] ./lattice2D-Lea-4-potential --density 0.8 --tumble-rate 0.5 --total-time 10000 --run-name runs/run_20250730_112146_director-uneven-sin_track_flux_density/d0.8_t0.5_time10000_gamma-0.5 --save-interval 2 --potential director-uneven-sin --gamma -0.5 --v0 0.5 --amplitude 0.4 --seed 837437 --track-movement --track-flux --track-density
[16/24] ./lattice2D-Lea-4-potential --density 0.8 --tumble-rate 0.7 --total-time 10000 --run-name runs/run_20250730_112146_director-uneven-sin_track_flux_density/d0.8_t0.7_time10000_gamma-0.5 --save-interval 1 --potential director-uneven-sin --gamma -0.5 --v0 0.5 --amplitude 0.4 --seed 837437 --track-movement --track-flux --track-density
SUCCESS: [16/24] ./lattice2D-Lea-4-potential --density 0.8 --tumble-rate 0.7 --total-time 10000 --run-name runs/run_20250730_112146_director-uneven-sin_track_flux_density/d0.8_t0.7_time10000_gamma-0.5 --save-interval 1 --potential director-uneven-sin --gamma -0.5 --v0 0.5 --amplitude 0.4 --seed 837437 --track-movement --track-flux --track-density
[17/24] ./lattice2D-Lea-4-potential --density 0.9 --tumble-rate 0.07 --total-time 10000 --run-name runs/run_20250730_112146_director-uneven-sin_track_flux_density/d0.9_t0.07_time10000_gamma-0.5 --save-interval 14 --potential director-uneven-sin --gamma -0.5 --v0 0.5 --amplitude 0.4 --seed 837437 --track-movement --track-flux --track-density
SUCCESS: [17/24] ./lattice2D-Lea-4-potential --density 0.9 --tumble-rate 0.07 --total-time 10000 --run-name runs/run_20250730_112146_director-uneven-sin_track_flux_density/d0.9_t0.07_time10000_gamma-0.5 --save-interval 14 --potential director-uneven-sin --gamma -0.5 --v0 0.5 --amplitude 0.4 --seed 837437 --track-movement --track-flux --track-density
[18/24] ./lattice2D-Lea-4-potential --density 0.9 --tumble-rate 0.08 --total-time 10000 --run-name runs/run_20250730_112146_director-uneven-sin_track_flux_density/d0.9_t0.08_time10000_gamma-0.5 --save-interval 12 --potential director-uneven-sin --gamma -0.5 --v0 0.5 --amplitude 0.4 --seed 837437 --track-movement --track-flux --track-density
SUCCESS: [18/24] ./lattice2D-Lea-4-potential --density 0.9 --tumble-rate 0.08 --total-time 10000 --run-name runs/run_20250730_112146_director-uneven-sin_track_flux_density/d0.9_t0.08_time10000_gamma-0.5 --save-interval 12 --potential director-uneven-sin --gamma -0.5 --v0 0.5 --amplitude 0.4 --seed 837437 --track-movement --track-flux --track-density
[19/24] ./lattice2D-Lea-4-potential --density 0.9 --tumble-rate 0.09 --total-time 10000 --run-name runs/run_20250730_112146_director-uneven-sin_track_flux_density/d0.9_t0.09_time10000_gamma-0.5 --save-interval 11 --potential director-uneven-sin --gamma -0.5 --v0 0.5 --amplitude 0.4 --seed 837437 --track-movement --track-flux --track-density
SUCCESS: [19/24] ./lattice2D-Lea-4-potential --density 0.9 --tumble-rate 0.09 --total-time 10000 --run-name runs/run_20250730_112146_director-uneven-sin_track_flux_density/d0.9_t0.09_time10000_gamma-0.5 --save-interval 11 --potential director-uneven-sin --gamma -0.5 --v0 0.5 --amplitude 0.4 --seed 837437 --track-movement --track-flux --track-density
[20/24] ./lattice2D-Lea-4-potential --density 0.9 --tumble-rate 0.15 --total-time 10000 --run-name runs/run_20250730_112146_director-uneven-sin_track_flux_density/d0.9_t0.15_time10000_gamma-0.5 --save-interval 7 --potential director-uneven-sin --gamma -0.5 --v0 0.5 --amplitude 0.4 --seed 837437 --track-movement --track-flux --track-density
SUCCESS: [20/24] ./lattice2D-Lea-4-potential --density 0.9 --tumble-rate 0.15 --total-time 10000 --run-name runs/run_20250730_112146_director-uneven-sin_track_flux_density/d0.9_t0.15_time10000_gamma-0.5 --save-interval 7 --potential director-uneven-sin --gamma -0.5 --v0 0.5 --amplitude 0.4 --seed 837437 --track-movement --track-flux --track-density
[21/24] ./lattice2D-Lea-4-potential --density 0.9 --tumble-rate 0.2 --total-time 10000 --run-name runs/run_20250730_112146_director-uneven-sin_track_flux_density/d0.9_t0.2_time10000_gamma-0.5 --save-interval 5 --potential director-uneven-sin --gamma -0.5 --v0 0.5 --amplitude 0.4 --seed 837437 --track-movement --track-flux --track-density
SUCCESS: [21/24] ./lattice2D-Lea-4-potential --density 0.9 --tumble-rate 0.2 --total-time 10000 --run-name runs/run_20250730_112146_director-uneven-sin_track_flux_density/d0.9_t0.2_time10000_gamma-0.5 --save-interval 5 --potential director-uneven-sin --gamma -0.5 --v0 0.5 --amplitude 0.4 --seed 837437 --track-movement --track-flux --track-density
[22/24] ./lattice2D-Lea-4-potential --density 0.9 --tumble-rate 0.3 --total-time 10000 --run-name runs/run_20250730_112146_director-uneven-sin_track_flux_density/d0.9_t0.3_time10000_gamma-0.5 --save-interval 3 --potential director-uneven-sin --gamma -0.5 --v0 0.5 --amplitude 0.4 --seed 837437 --track-movement --track-flux --track-density
SUCCESS: [22/24] ./lattice2D-Lea-4-potential --density 0.9 --tumble-rate 0.3 --total-time 10000 --run-name runs/run_20250730_112146_director-uneven-sin_track_flux_density/d0.9_t0.3_time10000_gamma-0.5 --save-interval 3 --potential director-uneven-sin --gamma -0.5 --v0 0.5 --amplitude 0.4 --seed 837437 --track-movement --track-flux --track-density
[23/24] ./lattice2D-Lea-4-potential --density 0.9 --tumble-rate 0.5 --total-time 10000 --run-name runs/run_20250730_112146_director-uneven-sin_track_flux_density/d0.9_t0.5_time10000_gamma-0.5 --save-interval 2 --potential director-uneven-sin --gamma -0.5 --v0 0.5 --amplitude 0.4 --seed 837437 --track-movement --track-flux --track-density
SUCCESS: [23/24] ./lattice2D-Lea-4-potential --density 0.9 --tumble-rate 0.5 --total-time 10000 --run-name runs/run_20250730_112146_director-uneven-sin_track_flux_density/d0.9_t0.5_time10000_gamma-0.5 --save-interval 2 --potential director-uneven-sin --gamma -0.5 --v0 0.5 --amplitude 0.4 --seed 837437 --track-movement --track-flux --track-density
[24/24] ./lattice2D-Lea-4-potential --density 0.9 --tumble-rate 0.7 --total-time 10000 --run-name runs/run_20250730_112146_director-uneven-sin_track_flux_density/d0.9_t0.7_time10000_gamma-0.5 --save-interval 1 --potential director-uneven-sin --gamma -0.5 --v0 0.5 --amplitude 0.4 --seed 837437 --track-movement --track-flux --track-density
SUCCESS: [24/24] ./lattice2D-Lea-4-potential --density 0.9 --tumble-rate 0.7 --total-time 10000 --run-name runs/run_20250730_112146_director-uneven-sin_track_flux_density/d0.9_t0.7_time10000_gamma-0.5 --save-interval 1 --potential director-uneven-sin --gamma -0.5 --v0 0.5 --amplitude 0.4 --seed 837437 --track-movement --track-flux --track-density

# Parameter sweep completed on Wed Jul 30 11:22:45 -04 2025
# Total runs: 24
# Configuration:
#   - Movement probability type: director-uneven-sin
#   - Start config: false
#   - Save interval: auto
#   - Movement tracking: 1
#   - Flux tracking: 1
#   - Density tracking: 1
#   - Gamma parameter: -0.5
#   - G parameter: 
