# Parameter sweep run started on Thu Jul 10 14:31:56 -04 2025
# Working directory: /Users/leabauer/Documents/code
# Git commit: e176d38e4dd73ed1a260d053eac3c929a44cf077
# Command line: ./run_4_potential.sh --move-prob uneven-sin --track-movement --track-flux --track-density

[1/15] ./lattice2D-Lea-4-potential --density 0.5 --tumble-rate 0.001 --total-time 10000 --run-name runs/run_20250710_143156_uneven-sin_track_flux_density/d0.5_t0.001_time10000_gamma-0.5_g1 --save-interval 1000 --potential uneven-sin --gamma -0.5 --g 1 --potential-lower 0.1 --potential-upper 1.0 --seed 837437 --track-movement --track-flux --track-density
SUCCESS: [1/15] ./lattice2D-Lea-4-potential --density 0.5 --tumble-rate 0.001 --total-time 10000 --run-name runs/run_20250710_143156_uneven-sin_track_flux_density/d0.5_t0.001_time10000_gamma-0.5_g1 --save-interval 1000 --potential uneven-sin --gamma -0.5 --g 1 --potential-lower 0.1 --potential-upper 1.0 --seed 837437 --track-movement --track-flux --track-density
[2/15] ./lattice2D-Lea-4-potential --density 0.5 --tumble-rate 0.005 --total-time 10000 --run-name runs/run_20250710_143156_uneven-sin_track_flux_density/d0.5_t0.005_time10000_gamma-0.5_g1 --save-interval 200 --potential uneven-sin --gamma -0.5 --g 1 --potential-lower 0.1 --potential-upper 1.0 --seed 837437 --track-movement --track-flux --track-density
SUCCESS: [2/15] ./lattice2D-Lea-4-potential --density 0.5 --tumble-rate 0.005 --total-time 10000 --run-name runs/run_20250710_143156_uneven-sin_track_flux_density/d0.5_t0.005_time10000_gamma-0.5_g1 --save-interval 200 --potential uneven-sin --gamma -0.5 --g 1 --potential-lower 0.1 --potential-upper 1.0 --seed 837437 --track-movement --track-flux --track-density
[3/15] ./lattice2D-Lea-4-potential --density 0.5 --tumble-rate 0.01 --total-time 10000 --run-name runs/run_20250710_143156_uneven-sin_track_flux_density/d0.5_t0.01_time10000_gamma-0.5_g1 --save-interval 100 --potential uneven-sin --gamma -0.5 --g 1 --potential-lower 0.1 --potential-upper 1.0 --seed 837437 --track-movement --track-flux --track-density
SUCCESS: [3/15] ./lattice2D-Lea-4-potential --density 0.5 --tumble-rate 0.01 --total-time 10000 --run-name runs/run_20250710_143156_uneven-sin_track_flux_density/d0.5_t0.01_time10000_gamma-0.5_g1 --save-interval 100 --potential uneven-sin --gamma -0.5 --g 1 --potential-lower 0.1 --potential-upper 1.0 --seed 837437 --track-movement --track-flux --track-density
[4/15] ./lattice2D-Lea-4-potential --density 0.5 --tumble-rate 0.05 --total-time 10000 --run-name runs/run_20250710_143156_uneven-sin_track_flux_density/d0.5_t0.05_time10000_gamma-0.5_g1 --save-interval 20 --potential uneven-sin --gamma -0.5 --g 1 --potential-lower 0.1 --potential-upper 1.0 --seed 837437 --track-movement --track-flux --track-density
SUCCESS: [4/15] ./lattice2D-Lea-4-potential --density 0.5 --tumble-rate 0.05 --total-time 10000 --run-name runs/run_20250710_143156_uneven-sin_track_flux_density/d0.5_t0.05_time10000_gamma-0.5_g1 --save-interval 20 --potential uneven-sin --gamma -0.5 --g 1 --potential-lower 0.1 --potential-upper 1.0 --seed 837437 --track-movement --track-flux --track-density
[5/15] ./lattice2D-Lea-4-potential --density 0.5 --tumble-rate 0.1 --total-time 10000 --run-name runs/run_20250710_143156_uneven-sin_track_flux_density/d0.5_t0.1_time10000_gamma-0.5_g1 --save-interval 10 --potential uneven-sin --gamma -0.5 --g 1 --potential-lower 0.1 --potential-upper 1.0 --seed 837437 --track-movement --track-flux --track-density
SUCCESS: [5/15] ./lattice2D-Lea-4-potential --density 0.5 --tumble-rate 0.1 --total-time 10000 --run-name runs/run_20250710_143156_uneven-sin_track_flux_density/d0.5_t0.1_time10000_gamma-0.5_g1 --save-interval 10 --potential uneven-sin --gamma -0.5 --g 1 --potential-lower 0.1 --potential-upper 1.0 --seed 837437 --track-movement --track-flux --track-density
[6/15] ./lattice2D-Lea-4-potential --density 0.6 --tumble-rate 0.001 --total-time 10000 --run-name runs/run_20250710_143156_uneven-sin_track_flux_density/d0.6_t0.001_time10000_gamma-0.5_g1 --save-interval 1000 --potential uneven-sin --gamma -0.5 --g 1 --potential-lower 0.1 --potential-upper 1.0 --seed 837437 --track-movement --track-flux --track-density
SUCCESS: [6/15] ./lattice2D-Lea-4-potential --density 0.6 --tumble-rate 0.001 --total-time 10000 --run-name runs/run_20250710_143156_uneven-sin_track_flux_density/d0.6_t0.001_time10000_gamma-0.5_g1 --save-interval 1000 --potential uneven-sin --gamma -0.5 --g 1 --potential-lower 0.1 --potential-upper 1.0 --seed 837437 --track-movement --track-flux --track-density
[7/15] ./lattice2D-Lea-4-potential --density 0.6 --tumble-rate 0.005 --total-time 10000 --run-name runs/run_20250710_143156_uneven-sin_track_flux_density/d0.6_t0.005_time10000_gamma-0.5_g1 --save-interval 200 --potential uneven-sin --gamma -0.5 --g 1 --potential-lower 0.1 --potential-upper 1.0 --seed 837437 --track-movement --track-flux --track-density
SUCCESS: [7/15] ./lattice2D-Lea-4-potential --density 0.6 --tumble-rate 0.005 --total-time 10000 --run-name runs/run_20250710_143156_uneven-sin_track_flux_density/d0.6_t0.005_time10000_gamma-0.5_g1 --save-interval 200 --potential uneven-sin --gamma -0.5 --g 1 --potential-lower 0.1 --potential-upper 1.0 --seed 837437 --track-movement --track-flux --track-density
[8/15] ./lattice2D-Lea-4-potential --density 0.6 --tumble-rate 0.01 --total-time 10000 --run-name runs/run_20250710_143156_uneven-sin_track_flux_density/d0.6_t0.01_time10000_gamma-0.5_g1 --save-interval 100 --potential uneven-sin --gamma -0.5 --g 1 --potential-lower 0.1 --potential-upper 1.0 --seed 837437 --track-movement --track-flux --track-density
SUCCESS: [8/15] ./lattice2D-Lea-4-potential --density 0.6 --tumble-rate 0.01 --total-time 10000 --run-name runs/run_20250710_143156_uneven-sin_track_flux_density/d0.6_t0.01_time10000_gamma-0.5_g1 --save-interval 100 --potential uneven-sin --gamma -0.5 --g 1 --potential-lower 0.1 --potential-upper 1.0 --seed 837437 --track-movement --track-flux --track-density
[9/15] ./lattice2D-Lea-4-potential --density 0.6 --tumble-rate 0.05 --total-time 10000 --run-name runs/run_20250710_143156_uneven-sin_track_flux_density/d0.6_t0.05_time10000_gamma-0.5_g1 --save-interval 20 --potential uneven-sin --gamma -0.5 --g 1 --potential-lower 0.1 --potential-upper 1.0 --seed 837437 --track-movement --track-flux --track-density
SUCCESS: [9/15] ./lattice2D-Lea-4-potential --density 0.6 --tumble-rate 0.05 --total-time 10000 --run-name runs/run_20250710_143156_uneven-sin_track_flux_density/d0.6_t0.05_time10000_gamma-0.5_g1 --save-interval 20 --potential uneven-sin --gamma -0.5 --g 1 --potential-lower 0.1 --potential-upper 1.0 --seed 837437 --track-movement --track-flux --track-density
[10/15] ./lattice2D-Lea-4-potential --density 0.6 --tumble-rate 0.1 --total-time 10000 --run-name runs/run_20250710_143156_uneven-sin_track_flux_density/d0.6_t0.1_time10000_gamma-0.5_g1 --save-interval 10 --potential uneven-sin --gamma -0.5 --g 1 --potential-lower 0.1 --potential-upper 1.0 --seed 837437 --track-movement --track-flux --track-density
SUCCESS: [10/15] ./lattice2D-Lea-4-potential --density 0.6 --tumble-rate 0.1 --total-time 10000 --run-name runs/run_20250710_143156_uneven-sin_track_flux_density/d0.6_t0.1_time10000_gamma-0.5_g1 --save-interval 10 --potential uneven-sin --gamma -0.5 --g 1 --potential-lower 0.1 --potential-upper 1.0 --seed 837437 --track-movement --track-flux --track-density
[11/15] ./lattice2D-Lea-4-potential --density 0.7 --tumble-rate 0.001 --total-time 10000 --run-name runs/run_20250710_143156_uneven-sin_track_flux_density/d0.7_t0.001_time10000_gamma-0.5_g1 --save-interval 1000 --potential uneven-sin --gamma -0.5 --g 1 --potential-lower 0.1 --potential-upper 1.0 --seed 837437 --track-movement --track-flux --track-density
SUCCESS: [11/15] ./lattice2D-Lea-4-potential --density 0.7 --tumble-rate 0.001 --total-time 10000 --run-name runs/run_20250710_143156_uneven-sin_track_flux_density/d0.7_t0.001_time10000_gamma-0.5_g1 --save-interval 1000 --potential uneven-sin --gamma -0.5 --g 1 --potential-lower 0.1 --potential-upper 1.0 --seed 837437 --track-movement --track-flux --track-density
[12/15] ./lattice2D-Lea-4-potential --density 0.7 --tumble-rate 0.005 --total-time 10000 --run-name runs/run_20250710_143156_uneven-sin_track_flux_density/d0.7_t0.005_time10000_gamma-0.5_g1 --save-interval 200 --potential uneven-sin --gamma -0.5 --g 1 --potential-lower 0.1 --potential-upper 1.0 --seed 837437 --track-movement --track-flux --track-density
SUCCESS: [12/15] ./lattice2D-Lea-4-potential --density 0.7 --tumble-rate 0.005 --total-time 10000 --run-name runs/run_20250710_143156_uneven-sin_track_flux_density/d0.7_t0.005_time10000_gamma-0.5_g1 --save-interval 200 --potential uneven-sin --gamma -0.5 --g 1 --potential-lower 0.1 --potential-upper 1.0 --seed 837437 --track-movement --track-flux --track-density
[13/15] ./lattice2D-Lea-4-potential --density 0.7 --tumble-rate 0.01 --total-time 10000 --run-name runs/run_20250710_143156_uneven-sin_track_flux_density/d0.7_t0.01_time10000_gamma-0.5_g1 --save-interval 100 --potential uneven-sin --gamma -0.5 --g 1 --potential-lower 0.1 --potential-upper 1.0 --seed 837437 --track-movement --track-flux --track-density
SUCCESS: [13/15] ./lattice2D-Lea-4-potential --density 0.7 --tumble-rate 0.01 --total-time 10000 --run-name runs/run_20250710_143156_uneven-sin_track_flux_density/d0.7_t0.01_time10000_gamma-0.5_g1 --save-interval 100 --potential uneven-sin --gamma -0.5 --g 1 --potential-lower 0.1 --potential-upper 1.0 --seed 837437 --track-movement --track-flux --track-density
[14/15] ./lattice2D-Lea-4-potential --density 0.7 --tumble-rate 0.05 --total-time 10000 --run-name runs/run_20250710_143156_uneven-sin_track_flux_density/d0.7_t0.05_time10000_gamma-0.5_g1 --save-interval 20 --potential uneven-sin --gamma -0.5 --g 1 --potential-lower 0.1 --potential-upper 1.0 --seed 837437 --track-movement --track-flux --track-density
SUCCESS: [14/15] ./lattice2D-Lea-4-potential --density 0.7 --tumble-rate 0.05 --total-time 10000 --run-name runs/run_20250710_143156_uneven-sin_track_flux_density/d0.7_t0.05_time10000_gamma-0.5_g1 --save-interval 20 --potential uneven-sin --gamma -0.5 --g 1 --potential-lower 0.1 --potential-upper 1.0 --seed 837437 --track-movement --track-flux --track-density
[15/15] ./lattice2D-Lea-4-potential --density 0.7 --tumble-rate 0.1 --total-time 10000 --run-name runs/run_20250710_143156_uneven-sin_track_flux_density/d0.7_t0.1_time10000_gamma-0.5_g1 --save-interval 10 --potential uneven-sin --gamma -0.5 --g 1 --potential-lower 0.1 --potential-upper 1.0 --seed 837437 --track-movement --track-flux --track-density
SUCCESS: [15/15] ./lattice2D-Lea-4-potential --density 0.7 --tumble-rate 0.1 --total-time 10000 --run-name runs/run_20250710_143156_uneven-sin_track_flux_density/d0.7_t0.1_time10000_gamma-0.5_g1 --save-interval 10 --potential uneven-sin --gamma -0.5 --g 1 --potential-lower 0.1 --potential-upper 1.0 --seed 837437 --track-movement --track-flux --track-density

# Parameter sweep completed on Thu Jul 10 14:32:29 -04 2025
# Total runs: 15
# Configuration:
#   - Movement probability type: uneven-sin
#   - Start config: false
#   - Save interval: auto
#   - Movement tracking: 1
#   - Flux tracking: 1
#   - Density tracking: 1
#   - Gamma parameter: -0.5
