# Parameter sweep run started on Wed Aug  6 16:31:01 -04 2025
# Working directory: /Users/leabauer/Documents/code
# Git commit: 49e828516de972e4dd649f5ce7480fce88d9fa90
# Command line: ./run_4_potential.sh --move-prob director-uneven-sin --track-movement --track-flux --track-density

[1/11] ./lattice2D-Lea-4-potential --density 0.7 --tumble-rate 0.11 --total-time 500000 --run-name runs/run_20250806_163101_director-uneven-sin_track_flux_density/d0.7_t0.11_time500000_gamma-0.5 --save-interval 9 --potential director-uneven-sin --gamma -0.5 --v0 0.5 --amplitude 0.075 --seed 837437 --track-movement --track-flux --track-density
SUCCESS: [1/11] ./lattice2D-Lea-4-potential --density 0.7 --tumble-rate 0.11 --total-time 500000 --run-name runs/run_20250806_163101_director-uneven-sin_track_flux_density/d0.7_t0.11_time500000_gamma-0.5 --save-interval 9 --potential director-uneven-sin --gamma -0.5 --v0 0.5 --amplitude 0.075 --seed 837437 --track-movement --track-flux --track-density
[2/11] ./lattice2D-Lea-4-potential --density 0.72 --tumble-rate 0.11 --total-time 500000 --run-name runs/run_20250806_163101_director-uneven-sin_track_flux_density/d0.72_t0.11_time500000_gamma-0.5 --save-interval 9 --potential director-uneven-sin --gamma -0.5 --v0 0.5 --amplitude 0.075 --seed 837437 --track-movement --track-flux --track-density
SUCCESS: [2/11] ./lattice2D-Lea-4-potential --density 0.72 --tumble-rate 0.11 --total-time 500000 --run-name runs/run_20250806_163101_director-uneven-sin_track_flux_density/d0.72_t0.11_time500000_gamma-0.5 --save-interval 9 --potential director-uneven-sin --gamma -0.5 --v0 0.5 --amplitude 0.075 --seed 837437 --track-movement --track-flux --track-density
[3/11] ./lattice2D-Lea-4-potential --density 0.74 --tumble-rate 0.11 --total-time 500000 --run-name runs/run_20250806_163101_director-uneven-sin_track_flux_density/d0.74_t0.11_time500000_gamma-0.5 --save-interval 9 --potential director-uneven-sin --gamma -0.5 --v0 0.5 --amplitude 0.075 --seed 837437 --track-movement --track-flux --track-density
SUCCESS: [3/11] ./lattice2D-Lea-4-potential --density 0.74 --tumble-rate 0.11 --total-time 500000 --run-name runs/run_20250806_163101_director-uneven-sin_track_flux_density/d0.74_t0.11_time500000_gamma-0.5 --save-interval 9 --potential director-uneven-sin --gamma -0.5 --v0 0.5 --amplitude 0.075 --seed 837437 --track-movement --track-flux --track-density
[4/11] ./lattice2D-Lea-4-potential --density 0.76 --tumble-rate 0.11 --total-time 500000 --run-name runs/run_20250806_163101_director-uneven-sin_track_flux_density/d0.76_t0.11_time500000_gamma-0.5 --save-interval 9 --potential director-uneven-sin --gamma -0.5 --v0 0.5 --amplitude 0.075 --seed 837437 --track-movement --track-flux --track-density
SUCCESS: [4/11] ./lattice2D-Lea-4-potential --density 0.76 --tumble-rate 0.11 --total-time 500000 --run-name runs/run_20250806_163101_director-uneven-sin_track_flux_density/d0.76_t0.11_time500000_gamma-0.5 --save-interval 9 --potential director-uneven-sin --gamma -0.5 --v0 0.5 --amplitude 0.075 --seed 837437 --track-movement --track-flux --track-density
[5/11] ./lattice2D-Lea-4-potential --density 0.78 --tumble-rate 0.11 --total-time 500000 --run-name runs/run_20250806_163101_director-uneven-sin_track_flux_density/d0.78_t0.11_time500000_gamma-0.5 --save-interval 9 --potential director-uneven-sin --gamma -0.5 --v0 0.5 --amplitude 0.075 --seed 837437 --track-movement --track-flux --track-density
SUCCESS: [5/11] ./lattice2D-Lea-4-potential --density 0.78 --tumble-rate 0.11 --total-time 500000 --run-name runs/run_20250806_163101_director-uneven-sin_track_flux_density/d0.78_t0.11_time500000_gamma-0.5 --save-interval 9 --potential director-uneven-sin --gamma -0.5 --v0 0.5 --amplitude 0.075 --seed 837437 --track-movement --track-flux --track-density
[6/11] ./lattice2D-Lea-4-potential --density 0.8 --tumble-rate 0.11 --total-time 500000 --run-name runs/run_20250806_163101_director-uneven-sin_track_flux_density/d0.8_t0.11_time500000_gamma-0.5 --save-interval 9 --potential director-uneven-sin --gamma -0.5 --v0 0.5 --amplitude 0.075 --seed 837437 --track-movement --track-flux --track-density
SUCCESS: [6/11] ./lattice2D-Lea-4-potential --density 0.8 --tumble-rate 0.11 --total-time 500000 --run-name runs/run_20250806_163101_director-uneven-sin_track_flux_density/d0.8_t0.11_time500000_gamma-0.5 --save-interval 9 --potential director-uneven-sin --gamma -0.5 --v0 0.5 --amplitude 0.075 --seed 837437 --track-movement --track-flux --track-density
[7/11] ./lattice2D-Lea-4-potential --density 0.82 --tumble-rate 0.11 --total-time 500000 --run-name runs/run_20250806_163101_director-uneven-sin_track_flux_density/d0.82_t0.11_time500000_gamma-0.5 --save-interval 9 --potential director-uneven-sin --gamma -0.5 --v0 0.5 --amplitude 0.075 --seed 837437 --track-movement --track-flux --track-density
SUCCESS: [7/11] ./lattice2D-Lea-4-potential --density 0.82 --tumble-rate 0.11 --total-time 500000 --run-name runs/run_20250806_163101_director-uneven-sin_track_flux_density/d0.82_t0.11_time500000_gamma-0.5 --save-interval 9 --potential director-uneven-sin --gamma -0.5 --v0 0.5 --amplitude 0.075 --seed 837437 --track-movement --track-flux --track-density
[8/11] ./lattice2D-Lea-4-potential --density 0.84 --tumble-rate 0.11 --total-time 500000 --run-name runs/run_20250806_163101_director-uneven-sin_track_flux_density/d0.84_t0.11_time500000_gamma-0.5 --save-interval 9 --potential director-uneven-sin --gamma -0.5 --v0 0.5 --amplitude 0.075 --seed 837437 --track-movement --track-flux --track-density
SUCCESS: [8/11] ./lattice2D-Lea-4-potential --density 0.84 --tumble-rate 0.11 --total-time 500000 --run-name runs/run_20250806_163101_director-uneven-sin_track_flux_density/d0.84_t0.11_time500000_gamma-0.5 --save-interval 9 --potential director-uneven-sin --gamma -0.5 --v0 0.5 --amplitude 0.075 --seed 837437 --track-movement --track-flux --track-density
[9/11] ./lattice2D-Lea-4-potential --density 0.86 --tumble-rate 0.11 --total-time 500000 --run-name runs/run_20250806_163101_director-uneven-sin_track_flux_density/d0.86_t0.11_time500000_gamma-0.5 --save-interval 9 --potential director-uneven-sin --gamma -0.5 --v0 0.5 --amplitude 0.075 --seed 837437 --track-movement --track-flux --track-density
SUCCESS: [9/11] ./lattice2D-Lea-4-potential --density 0.86 --tumble-rate 0.11 --total-time 500000 --run-name runs/run_20250806_163101_director-uneven-sin_track_flux_density/d0.86_t0.11_time500000_gamma-0.5 --save-interval 9 --potential director-uneven-sin --gamma -0.5 --v0 0.5 --amplitude 0.075 --seed 837437 --track-movement --track-flux --track-density
[10/11] ./lattice2D-Lea-4-potential --density 0.88 --tumble-rate 0.11 --total-time 500000 --run-name runs/run_20250806_163101_director-uneven-sin_track_flux_density/d0.88_t0.11_time500000_gamma-0.5 --save-interval 9 --potential director-uneven-sin --gamma -0.5 --v0 0.5 --amplitude 0.075 --seed 837437 --track-movement --track-flux --track-density
SUCCESS: [10/11] ./lattice2D-Lea-4-potential --density 0.88 --tumble-rate 0.11 --total-time 500000 --run-name runs/run_20250806_163101_director-uneven-sin_track_flux_density/d0.88_t0.11_time500000_gamma-0.5 --save-interval 9 --potential director-uneven-sin --gamma -0.5 --v0 0.5 --amplitude 0.075 --seed 837437 --track-movement --track-flux --track-density
[11/11] ./lattice2D-Lea-4-potential --density 0.9 --tumble-rate 0.11 --total-time 500000 --run-name runs/run_20250806_163101_director-uneven-sin_track_flux_density/d0.9_t0.11_time500000_gamma-0.5 --save-interval 9 --potential director-uneven-sin --gamma -0.5 --v0 0.5 --amplitude 0.075 --seed 837437 --track-movement --track-flux --track-density
SUCCESS: [11/11] ./lattice2D-Lea-4-potential --density 0.9 --tumble-rate 0.11 --total-time 500000 --run-name runs/run_20250806_163101_director-uneven-sin_track_flux_density/d0.9_t0.11_time500000_gamma-0.5 --save-interval 9 --potential director-uneven-sin --gamma -0.5 --v0 0.5 --amplitude 0.075 --seed 837437 --track-movement --track-flux --track-density

# Parameter sweep completed on Wed Aug  6 16:51:58 -04 2025
# Total runs: 11
# Configuration:
#   - Movement probability type: director-uneven-sin
#   - Start config: false
#   - Save interval: auto
#   - Movement tracking: 1
#   - Flux tracking: 1
#   - Density tracking: 1
#   - Gamma parameter: -0.5
#   - G parameter: 
