# Parameter sweep run started on Mon Jul 14 16:14:51 -04 2025
# Working directory: /Users/leabauer/Documents/code
# Git commit: 5d58e7b589b9e2f11d92f134c724e09e11ba9468
# Command line: ./run_4_potential.sh --move-prob director-symmetric-sin --track-movement --track-flux --track-density

[1/9] ./lattice2D-Lea-4-potential --density 0.7 --tumble-rate 0.05 --total-time 10000 --run-name runs/run_20250714_161451_director-symmetric-sin_track_flux_density/d0.7_t0.05_time10000_gamma-0.5_g1 --save-interval 20 --potential director-symmetric-sin --gamma -0.5 --g 1 --potential-lower 0.2 --potential-upper 0.8 --seed 837437 --track-movement --track-flux --track-density
SUCCESS: [1/9] ./lattice2D-Lea-4-potential --density 0.7 --tumble-rate 0.05 --total-time 10000 --run-name runs/run_20250714_161451_director-symmetric-sin_track_flux_density/d0.7_t0.05_time10000_gamma-0.5_g1 --save-interval 20 --potential director-symmetric-sin --gamma -0.5 --g 1 --potential-lower 0.2 --potential-upper 0.8 --seed 837437 --track-movement --track-flux --track-density
[2/9] ./lattice2D-Lea-4-potential --density 0.7 --tumble-rate 0.07 --total-time 10000 --run-name runs/run_20250714_161451_director-symmetric-sin_track_flux_density/d0.7_t0.07_time10000_gamma-0.5_g1 --save-interval 14 --potential director-symmetric-sin --gamma -0.5 --g 1 --potential-lower 0.2 --potential-upper 0.8 --seed 837437 --track-movement --track-flux --track-density
SUCCESS: [2/9] ./lattice2D-Lea-4-potential --density 0.7 --tumble-rate 0.07 --total-time 10000 --run-name runs/run_20250714_161451_director-symmetric-sin_track_flux_density/d0.7_t0.07_time10000_gamma-0.5_g1 --save-interval 14 --potential director-symmetric-sin --gamma -0.5 --g 1 --potential-lower 0.2 --potential-upper 0.8 --seed 837437 --track-movement --track-flux --track-density
[3/9] ./lattice2D-Lea-4-potential --density 0.7 --tumble-rate 0.09 --total-time 10000 --run-name runs/run_20250714_161451_director-symmetric-sin_track_flux_density/d0.7_t0.09_time10000_gamma-0.5_g1 --save-interval 11 --potential director-symmetric-sin --gamma -0.5 --g 1 --potential-lower 0.2 --potential-upper 0.8 --seed 837437 --track-movement --track-flux --track-density
SUCCESS: [3/9] ./lattice2D-Lea-4-potential --density 0.7 --tumble-rate 0.09 --total-time 10000 --run-name runs/run_20250714_161451_director-symmetric-sin_track_flux_density/d0.7_t0.09_time10000_gamma-0.5_g1 --save-interval 11 --potential director-symmetric-sin --gamma -0.5 --g 1 --potential-lower 0.2 --potential-upper 0.8 --seed 837437 --track-movement --track-flux --track-density
[4/9] ./lattice2D-Lea-4-potential --density 0.9 --tumble-rate 0.05 --total-time 10000 --run-name runs/run_20250714_161451_director-symmetric-sin_track_flux_density/d0.9_t0.05_time10000_gamma-0.5_g1 --save-interval 20 --potential director-symmetric-sin --gamma -0.5 --g 1 --potential-lower 0.2 --potential-upper 0.8 --seed 837437 --track-movement --track-flux --track-density
SUCCESS: [4/9] ./lattice2D-Lea-4-potential --density 0.9 --tumble-rate 0.05 --total-time 10000 --run-name runs/run_20250714_161451_director-symmetric-sin_track_flux_density/d0.9_t0.05_time10000_gamma-0.5_g1 --save-interval 20 --potential director-symmetric-sin --gamma -0.5 --g 1 --potential-lower 0.2 --potential-upper 0.8 --seed 837437 --track-movement --track-flux --track-density
[5/9] ./lattice2D-Lea-4-potential --density 0.9 --tumble-rate 0.07 --total-time 10000 --run-name runs/run_20250714_161451_director-symmetric-sin_track_flux_density/d0.9_t0.07_time10000_gamma-0.5_g1 --save-interval 14 --potential director-symmetric-sin --gamma -0.5 --g 1 --potential-lower 0.2 --potential-upper 0.8 --seed 837437 --track-movement --track-flux --track-density
SUCCESS: [5/9] ./lattice2D-Lea-4-potential --density 0.9 --tumble-rate 0.07 --total-time 10000 --run-name runs/run_20250714_161451_director-symmetric-sin_track_flux_density/d0.9_t0.07_time10000_gamma-0.5_g1 --save-interval 14 --potential director-symmetric-sin --gamma -0.5 --g 1 --potential-lower 0.2 --potential-upper 0.8 --seed 837437 --track-movement --track-flux --track-density
[6/9] ./lattice2D-Lea-4-potential --density 0.9 --tumble-rate 0.09 --total-time 10000 --run-name runs/run_20250714_161451_director-symmetric-sin_track_flux_density/d0.9_t0.09_time10000_gamma-0.5_g1 --save-interval 11 --potential director-symmetric-sin --gamma -0.5 --g 1 --potential-lower 0.2 --potential-upper 0.8 --seed 837437 --track-movement --track-flux --track-density
SUCCESS: [6/9] ./lattice2D-Lea-4-potential --density 0.9 --tumble-rate 0.09 --total-time 10000 --run-name runs/run_20250714_161451_director-symmetric-sin_track_flux_density/d0.9_t0.09_time10000_gamma-0.5_g1 --save-interval 11 --potential director-symmetric-sin --gamma -0.5 --g 1 --potential-lower 0.2 --potential-upper 0.8 --seed 837437 --track-movement --track-flux --track-density
[7/9] ./lattice2D-Lea-4-potential --density 1.1 --tumble-rate 0.05 --total-time 10000 --run-name runs/run_20250714_161451_director-symmetric-sin_track_flux_density/d1.1_t0.05_time10000_gamma-0.5_g1 --save-interval 20 --potential director-symmetric-sin --gamma -0.5 --g 1 --potential-lower 0.2 --potential-upper 0.8 --seed 837437 --track-movement --track-flux --track-density
SUCCESS: [7/9] ./lattice2D-Lea-4-potential --density 1.1 --tumble-rate 0.05 --total-time 10000 --run-name runs/run_20250714_161451_director-symmetric-sin_track_flux_density/d1.1_t0.05_time10000_gamma-0.5_g1 --save-interval 20 --potential director-symmetric-sin --gamma -0.5 --g 1 --potential-lower 0.2 --potential-upper 0.8 --seed 837437 --track-movement --track-flux --track-density
[8/9] ./lattice2D-Lea-4-potential --density 1.1 --tumble-rate 0.07 --total-time 10000 --run-name runs/run_20250714_161451_director-symmetric-sin_track_flux_density/d1.1_t0.07_time10000_gamma-0.5_g1 --save-interval 14 --potential director-symmetric-sin --gamma -0.5 --g 1 --potential-lower 0.2 --potential-upper 0.8 --seed 837437 --track-movement --track-flux --track-density
SUCCESS: [8/9] ./lattice2D-Lea-4-potential --density 1.1 --tumble-rate 0.07 --total-time 10000 --run-name runs/run_20250714_161451_director-symmetric-sin_track_flux_density/d1.1_t0.07_time10000_gamma-0.5_g1 --save-interval 14 --potential director-symmetric-sin --gamma -0.5 --g 1 --potential-lower 0.2 --potential-upper 0.8 --seed 837437 --track-movement --track-flux --track-density
[9/9] ./lattice2D-Lea-4-potential --density 1.1 --tumble-rate 0.09 --total-time 10000 --run-name runs/run_20250714_161451_director-symmetric-sin_track_flux_density/d1.1_t0.09_time10000_gamma-0.5_g1 --save-interval 11 --potential director-symmetric-sin --gamma -0.5 --g 1 --potential-lower 0.2 --potential-upper 0.8 --seed 837437 --track-movement --track-flux --track-density
SUCCESS: [9/9] ./lattice2D-Lea-4-potential --density 1.1 --tumble-rate 0.09 --total-time 10000 --run-name runs/run_20250714_161451_director-symmetric-sin_track_flux_density/d1.1_t0.09_time10000_gamma-0.5_g1 --save-interval 11 --potential director-symmetric-sin --gamma -0.5 --g 1 --potential-lower 0.2 --potential-upper 0.8 --seed 837437 --track-movement --track-flux --track-density

# Parameter sweep completed on Mon Jul 14 16:15:23 -04 2025
# Total runs: 9
# Configuration:
#   - Movement probability type: director-symmetric-sin
#   - Start config: false
#   - Save interval: auto
#   - Movement tracking: 1
#   - Flux tracking: 1
#   - Density tracking: 1
#   - G parameter: 1
