# Parameter sweep run started on Fri Aug  8 15:14:13 -04 2025
# Working directory: /Users/leabauer/Documents/code
# Git commit: ce611bbc03b338d387d5c0545fefdf38126dc727
# Command line: ./run_improved.sh --move-prob director-uneven-sin --track-movement --track-flux --track-density --amplitude 0.20

[1/11] ./lattice2D-Lea-improved --density 0.7 --tumble-rate 0.11 --total-time 600000 --run-name runs/run_20250808_151413_director-uneven-sin_track_flux_density_amplitude0.20/d0.7_t0.11_time600000_gamma-0.5 --save-interval 9 --potential director-uneven-sin --gamma -0.5 --v0 0.5 --amplitude 0.20 --seed 837437 --track-movement --track-flux --track-density
SUCCESS: [1/11] ./lattice2D-Lea-improved --density 0.7 --tumble-rate 0.11 --total-time 600000 --run-name runs/run_20250808_151413_director-uneven-sin_track_flux_density_amplitude0.20/d0.7_t0.11_time600000_gamma-0.5 --save-interval 9 --potential director-uneven-sin --gamma -0.5 --v0 0.5 --amplitude 0.20 --seed 837437 --track-movement --track-flux --track-density
[2/11] ./lattice2D-Lea-improved --density 0.72 --tumble-rate 0.11 --total-time 600000 --run-name runs/run_20250808_151413_director-uneven-sin_track_flux_density_amplitude0.20/d0.72_t0.11_time600000_gamma-0.5 --save-interval 9 --potential director-uneven-sin --gamma -0.5 --v0 0.5 --amplitude 0.20 --seed 837437 --track-movement --track-flux --track-density
SUCCESS: [2/11] ./lattice2D-Lea-improved --density 0.72 --tumble-rate 0.11 --total-time 600000 --run-name runs/run_20250808_151413_director-uneven-sin_track_flux_density_amplitude0.20/d0.72_t0.11_time600000_gamma-0.5 --save-interval 9 --potential director-uneven-sin --gamma -0.5 --v0 0.5 --amplitude 0.20 --seed 837437 --track-movement --track-flux --track-density
[3/11] ./lattice2D-Lea-improved --density 0.74 --tumble-rate 0.11 --total-time 600000 --run-name runs/run_20250808_151413_director-uneven-sin_track_flux_density_amplitude0.20/d0.74_t0.11_time600000_gamma-0.5 --save-interval 9 --potential director-uneven-sin --gamma -0.5 --v0 0.5 --amplitude 0.20 --seed 837437 --track-movement --track-flux --track-density
SUCCESS: [3/11] ./lattice2D-Lea-improved --density 0.74 --tumble-rate 0.11 --total-time 600000 --run-name runs/run_20250808_151413_director-uneven-sin_track_flux_density_amplitude0.20/d0.74_t0.11_time600000_gamma-0.5 --save-interval 9 --potential director-uneven-sin --gamma -0.5 --v0 0.5 --amplitude 0.20 --seed 837437 --track-movement --track-flux --track-density
[4/11] ./lattice2D-Lea-improved --density 0.76 --tumble-rate 0.11 --total-time 600000 --run-name runs/run_20250808_151413_director-uneven-sin_track_flux_density_amplitude0.20/d0.76_t0.11_time600000_gamma-0.5 --save-interval 9 --potential director-uneven-sin --gamma -0.5 --v0 0.5 --amplitude 0.20 --seed 837437 --track-movement --track-flux --track-density
SUCCESS: [4/11] ./lattice2D-Lea-improved --density 0.76 --tumble-rate 0.11 --total-time 600000 --run-name runs/run_20250808_151413_director-uneven-sin_track_flux_density_amplitude0.20/d0.76_t0.11_time600000_gamma-0.5 --save-interval 9 --potential director-uneven-sin --gamma -0.5 --v0 0.5 --amplitude 0.20 --seed 837437 --track-movement --track-flux --track-density
[5/11] ./lattice2D-Lea-improved --density 0.78 --tumble-rate 0.11 --total-time 600000 --run-name runs/run_20250808_151413_director-uneven-sin_track_flux_density_amplitude0.20/d0.78_t0.11_time600000_gamma-0.5 --save-interval 9 --potential director-uneven-sin --gamma -0.5 --v0 0.5 --amplitude 0.20 --seed 837437 --track-movement --track-flux --track-density
SUCCESS: [5/11] ./lattice2D-Lea-improved --density 0.78 --tumble-rate 0.11 --total-time 600000 --run-name runs/run_20250808_151413_director-uneven-sin_track_flux_density_amplitude0.20/d0.78_t0.11_time600000_gamma-0.5 --save-interval 9 --potential director-uneven-sin --gamma -0.5 --v0 0.5 --amplitude 0.20 --seed 837437 --track-movement --track-flux --track-density
[6/11] ./lattice2D-Lea-improved --density 0.8 --tumble-rate 0.11 --total-time 600000 --run-name runs/run_20250808_151413_director-uneven-sin_track_flux_density_amplitude0.20/d0.8_t0.11_time600000_gamma-0.5 --save-interval 9 --potential director-uneven-sin --gamma -0.5 --v0 0.5 --amplitude 0.20 --seed 837437 --track-movement --track-flux --track-density
SUCCESS: [6/11] ./lattice2D-Lea-improved --density 0.8 --tumble-rate 0.11 --total-time 600000 --run-name runs/run_20250808_151413_director-uneven-sin_track_flux_density_amplitude0.20/d0.8_t0.11_time600000_gamma-0.5 --save-interval 9 --potential director-uneven-sin --gamma -0.5 --v0 0.5 --amplitude 0.20 --seed 837437 --track-movement --track-flux --track-density
[7/11] ./lattice2D-Lea-improved --density 0.82 --tumble-rate 0.11 --total-time 600000 --run-name runs/run_20250808_151413_director-uneven-sin_track_flux_density_amplitude0.20/d0.82_t0.11_time600000_gamma-0.5 --save-interval 9 --potential director-uneven-sin --gamma -0.5 --v0 0.5 --amplitude 0.20 --seed 837437 --track-movement --track-flux --track-density
SUCCESS: [7/11] ./lattice2D-Lea-improved --density 0.82 --tumble-rate 0.11 --total-time 600000 --run-name runs/run_20250808_151413_director-uneven-sin_track_flux_density_amplitude0.20/d0.82_t0.11_time600000_gamma-0.5 --save-interval 9 --potential director-uneven-sin --gamma -0.5 --v0 0.5 --amplitude 0.20 --seed 837437 --track-movement --track-flux --track-density
[8/11] ./lattice2D-Lea-improved --density 0.84 --tumble-rate 0.11 --total-time 600000 --run-name runs/run_20250808_151413_director-uneven-sin_track_flux_density_amplitude0.20/d0.84_t0.11_time600000_gamma-0.5 --save-interval 9 --potential director-uneven-sin --gamma -0.5 --v0 0.5 --amplitude 0.20 --seed 837437 --track-movement --track-flux --track-density
SUCCESS: [8/11] ./lattice2D-Lea-improved --density 0.84 --tumble-rate 0.11 --total-time 600000 --run-name runs/run_20250808_151413_director-uneven-sin_track_flux_density_amplitude0.20/d0.84_t0.11_time600000_gamma-0.5 --save-interval 9 --potential director-uneven-sin --gamma -0.5 --v0 0.5 --amplitude 0.20 --seed 837437 --track-movement --track-flux --track-density
[9/11] ./lattice2D-Lea-improved --density 0.86 --tumble-rate 0.11 --total-time 600000 --run-name runs/run_20250808_151413_director-uneven-sin_track_flux_density_amplitude0.20/d0.86_t0.11_time600000_gamma-0.5 --save-interval 9 --potential director-uneven-sin --gamma -0.5 --v0 0.5 --amplitude 0.20 --seed 837437 --track-movement --track-flux --track-density
SUCCESS: [9/11] ./lattice2D-Lea-improved --density 0.86 --tumble-rate 0.11 --total-time 600000 --run-name runs/run_20250808_151413_director-uneven-sin_track_flux_density_amplitude0.20/d0.86_t0.11_time600000_gamma-0.5 --save-interval 9 --potential director-uneven-sin --gamma -0.5 --v0 0.5 --amplitude 0.20 --seed 837437 --track-movement --track-flux --track-density
[10/11] ./lattice2D-Lea-improved --density 0.88 --tumble-rate 0.11 --total-time 600000 --run-name runs/run_20250808_151413_director-uneven-sin_track_flux_density_amplitude0.20/d0.88_t0.11_time600000_gamma-0.5 --save-interval 9 --potential director-uneven-sin --gamma -0.5 --v0 0.5 --amplitude 0.20 --seed 837437 --track-movement --track-flux --track-density
SUCCESS: [10/11] ./lattice2D-Lea-improved --density 0.88 --tumble-rate 0.11 --total-time 600000 --run-name runs/run_20250808_151413_director-uneven-sin_track_flux_density_amplitude0.20/d0.88_t0.11_time600000_gamma-0.5 --save-interval 9 --potential director-uneven-sin --gamma -0.5 --v0 0.5 --amplitude 0.20 --seed 837437 --track-movement --track-flux --track-density
[11/11] ./lattice2D-Lea-improved --density 0.9 --tumble-rate 0.11 --total-time 600000 --run-name runs/run_20250808_151413_director-uneven-sin_track_flux_density_amplitude0.20/d0.9_t0.11_time600000_gamma-0.5 --save-interval 9 --potential director-uneven-sin --gamma -0.5 --v0 0.5 --amplitude 0.20 --seed 837437 --track-movement --track-flux --track-density
SUCCESS: [11/11] ./lattice2D-Lea-improved --density 0.9 --tumble-rate 0.11 --total-time 600000 --run-name runs/run_20250808_151413_director-uneven-sin_track_flux_density_amplitude0.20/d0.9_t0.11_time600000_gamma-0.5 --save-interval 9 --potential director-uneven-sin --gamma -0.5 --v0 0.5 --amplitude 0.20 --seed 837437 --track-movement --track-flux --track-density

# Parameter sweep completed on Fri Aug  8 15:31:39 -04 2025
# Total runs: 11
# Configuration:
#   - Movement probability type: director-uneven-sin
#   - Start config: false
#   - Save interval: auto
#   - Movement tracking: 1
#   - Flux tracking: 1
#   - Density tracking: 1
#   - Gamma parameter: -0.5
#   - G parameter: 
