# Parameter sweep run started on Tue Aug 12 13:14:28 -04 2025
# Working directory: /Users/leabauer/Documents/code
# Git commit: aad1b5fdb73178d7d9b997a8a83cd789c4181676
# Command line: ./run.sh --move-prob director-uneven-sin --track-movement --track-flux --track-density --density-averaging 5000 --amplitude 0.25

[1/11] ./lattice2D --density 0.7 --tumble-rate 0.11 --total-time 400000 --run-name runs/run_20250812_131428_director-uneven-sin_track_flux_density_densavg5000_amplitude0.25/d0.7_t0.11_time400000_gamma-0.5 --save-interval 9 --potential director-uneven-sin --gamma -0.5 --v0 0.5 --amplitude 0.25 --seed 837437 --track-movement --track-flux --track-density --density-averaging 5000
SUCCESS: [1/11] ./lattice2D --density 0.7 --tumble-rate 0.11 --total-time 400000 --run-name runs/run_20250812_131428_director-uneven-sin_track_flux_density_densavg5000_amplitude0.25/d0.7_t0.11_time400000_gamma-0.5 --save-interval 9 --potential director-uneven-sin --gamma -0.5 --v0 0.5 --amplitude 0.25 --seed 837437 --track-movement --track-flux --track-density --density-averaging 5000
[2/11] ./lattice2D --density 0.72 --tumble-rate 0.11 --total-time 400000 --run-name runs/run_20250812_131428_director-uneven-sin_track_flux_density_densavg5000_amplitude0.25/d0.72_t0.11_time400000_gamma-0.5 --save-interval 9 --potential director-uneven-sin --gamma -0.5 --v0 0.5 --amplitude 0.25 --seed 837437 --track-movement --track-flux --track-density --density-averaging 5000
SUCCESS: [2/11] ./lattice2D --density 0.72 --tumble-rate 0.11 --total-time 400000 --run-name runs/run_20250812_131428_director-uneven-sin_track_flux_density_densavg5000_amplitude0.25/d0.72_t0.11_time400000_gamma-0.5 --save-interval 9 --potential director-uneven-sin --gamma -0.5 --v0 0.5 --amplitude 0.25 --seed 837437 --track-movement --track-flux --track-density --density-averaging 5000
[3/11] ./lattice2D --density 0.74 --tumble-rate 0.11 --total-time 400000 --run-name runs/run_20250812_131428_director-uneven-sin_track_flux_density_densavg5000_amplitude0.25/d0.74_t0.11_time400000_gamma-0.5 --save-interval 9 --potential director-uneven-sin --gamma -0.5 --v0 0.5 --amplitude 0.25 --seed 837437 --track-movement --track-flux --track-density --density-averaging 5000
SUCCESS: [3/11] ./lattice2D --density 0.74 --tumble-rate 0.11 --total-time 400000 --run-name runs/run_20250812_131428_director-uneven-sin_track_flux_density_densavg5000_amplitude0.25/d0.74_t0.11_time400000_gamma-0.5 --save-interval 9 --potential director-uneven-sin --gamma -0.5 --v0 0.5 --amplitude 0.25 --seed 837437 --track-movement --track-flux --track-density --density-averaging 5000
[4/11] ./lattice2D --density 0.76 --tumble-rate 0.11 --total-time 400000 --run-name runs/run_20250812_131428_director-uneven-sin_track_flux_density_densavg5000_amplitude0.25/d0.76_t0.11_time400000_gamma-0.5 --save-interval 9 --potential director-uneven-sin --gamma -0.5 --v0 0.5 --amplitude 0.25 --seed 837437 --track-movement --track-flux --track-density --density-averaging 5000
SUCCESS: [4/11] ./lattice2D --density 0.76 --tumble-rate 0.11 --total-time 400000 --run-name runs/run_20250812_131428_director-uneven-sin_track_flux_density_densavg5000_amplitude0.25/d0.76_t0.11_time400000_gamma-0.5 --save-interval 9 --potential director-uneven-sin --gamma -0.5 --v0 0.5 --amplitude 0.25 --seed 837437 --track-movement --track-flux --track-density --density-averaging 5000
[5/11] ./lattice2D --density 0.78 --tumble-rate 0.11 --total-time 400000 --run-name runs/run_20250812_131428_director-uneven-sin_track_flux_density_densavg5000_amplitude0.25/d0.78_t0.11_time400000_gamma-0.5 --save-interval 9 --potential director-uneven-sin --gamma -0.5 --v0 0.5 --amplitude 0.25 --seed 837437 --track-movement --track-flux --track-density --density-averaging 5000
SUCCESS: [5/11] ./lattice2D --density 0.78 --tumble-rate 0.11 --total-time 400000 --run-name runs/run_20250812_131428_director-uneven-sin_track_flux_density_densavg5000_amplitude0.25/d0.78_t0.11_time400000_gamma-0.5 --save-interval 9 --potential director-uneven-sin --gamma -0.5 --v0 0.5 --amplitude 0.25 --seed 837437 --track-movement --track-flux --track-density --density-averaging 5000
[6/11] ./lattice2D --density 0.8 --tumble-rate 0.11 --total-time 400000 --run-name runs/run_20250812_131428_director-uneven-sin_track_flux_density_densavg5000_amplitude0.25/d0.8_t0.11_time400000_gamma-0.5 --save-interval 9 --potential director-uneven-sin --gamma -0.5 --v0 0.5 --amplitude 0.25 --seed 837437 --track-movement --track-flux --track-density --density-averaging 5000
SUCCESS: [6/11] ./lattice2D --density 0.8 --tumble-rate 0.11 --total-time 400000 --run-name runs/run_20250812_131428_director-uneven-sin_track_flux_density_densavg5000_amplitude0.25/d0.8_t0.11_time400000_gamma-0.5 --save-interval 9 --potential director-uneven-sin --gamma -0.5 --v0 0.5 --amplitude 0.25 --seed 837437 --track-movement --track-flux --track-density --density-averaging 5000
[7/11] ./lattice2D --density 0.82 --tumble-rate 0.11 --total-time 400000 --run-name runs/run_20250812_131428_director-uneven-sin_track_flux_density_densavg5000_amplitude0.25/d0.82_t0.11_time400000_gamma-0.5 --save-interval 9 --potential director-uneven-sin --gamma -0.5 --v0 0.5 --amplitude 0.25 --seed 837437 --track-movement --track-flux --track-density --density-averaging 5000
SUCCESS: [7/11] ./lattice2D --density 0.82 --tumble-rate 0.11 --total-time 400000 --run-name runs/run_20250812_131428_director-uneven-sin_track_flux_density_densavg5000_amplitude0.25/d0.82_t0.11_time400000_gamma-0.5 --save-interval 9 --potential director-uneven-sin --gamma -0.5 --v0 0.5 --amplitude 0.25 --seed 837437 --track-movement --track-flux --track-density --density-averaging 5000
[8/11] ./lattice2D --density 0.84 --tumble-rate 0.11 --total-time 400000 --run-name runs/run_20250812_131428_director-uneven-sin_track_flux_density_densavg5000_amplitude0.25/d0.84_t0.11_time400000_gamma-0.5 --save-interval 9 --potential director-uneven-sin --gamma -0.5 --v0 0.5 --amplitude 0.25 --seed 837437 --track-movement --track-flux --track-density --density-averaging 5000
SUCCESS: [8/11] ./lattice2D --density 0.84 --tumble-rate 0.11 --total-time 400000 --run-name runs/run_20250812_131428_director-uneven-sin_track_flux_density_densavg5000_amplitude0.25/d0.84_t0.11_time400000_gamma-0.5 --save-interval 9 --potential director-uneven-sin --gamma -0.5 --v0 0.5 --amplitude 0.25 --seed 837437 --track-movement --track-flux --track-density --density-averaging 5000
[9/11] ./lattice2D --density 0.86 --tumble-rate 0.11 --total-time 400000 --run-name runs/run_20250812_131428_director-uneven-sin_track_flux_density_densavg5000_amplitude0.25/d0.86_t0.11_time400000_gamma-0.5 --save-interval 9 --potential director-uneven-sin --gamma -0.5 --v0 0.5 --amplitude 0.25 --seed 837437 --track-movement --track-flux --track-density --density-averaging 5000
SUCCESS: [9/11] ./lattice2D --density 0.86 --tumble-rate 0.11 --total-time 400000 --run-name runs/run_20250812_131428_director-uneven-sin_track_flux_density_densavg5000_amplitude0.25/d0.86_t0.11_time400000_gamma-0.5 --save-interval 9 --potential director-uneven-sin --gamma -0.5 --v0 0.5 --amplitude 0.25 --seed 837437 --track-movement --track-flux --track-density --density-averaging 5000
[10/11] ./lattice2D --density 0.88 --tumble-rate 0.11 --total-time 400000 --run-name runs/run_20250812_131428_director-uneven-sin_track_flux_density_densavg5000_amplitude0.25/d0.88_t0.11_time400000_gamma-0.5 --save-interval 9 --potential director-uneven-sin --gamma -0.5 --v0 0.5 --amplitude 0.25 --seed 837437 --track-movement --track-flux --track-density --density-averaging 5000
SUCCESS: [10/11] ./lattice2D --density 0.88 --tumble-rate 0.11 --total-time 400000 --run-name runs/run_20250812_131428_director-uneven-sin_track_flux_density_densavg5000_amplitude0.25/d0.88_t0.11_time400000_gamma-0.5 --save-interval 9 --potential director-uneven-sin --gamma -0.5 --v0 0.5 --amplitude 0.25 --seed 837437 --track-movement --track-flux --track-density --density-averaging 5000
[11/11] ./lattice2D --density 0.9 --tumble-rate 0.11 --total-time 400000 --run-name runs/run_20250812_131428_director-uneven-sin_track_flux_density_densavg5000_amplitude0.25/d0.9_t0.11_time400000_gamma-0.5 --save-interval 9 --potential director-uneven-sin --gamma -0.5 --v0 0.5 --amplitude 0.25 --seed 837437 --track-movement --track-flux --track-density --density-averaging 5000
SUCCESS: [11/11] ./lattice2D --density 0.9 --tumble-rate 0.11 --total-time 400000 --run-name runs/run_20250812_131428_director-uneven-sin_track_flux_density_densavg5000_amplitude0.25/d0.9_t0.11_time400000_gamma-0.5 --save-interval 9 --potential director-uneven-sin --gamma -0.5 --v0 0.5 --amplitude 0.25 --seed 837437 --track-movement --track-flux --track-density --density-averaging 5000

# Parameter sweep completed on Tue Aug 12 13:24:11 -04 2025
# Total runs: 11
# Configuration:
#   - Movement probability type: director-uneven-sin
#   - Start config: false
#   - Save interval: auto
#   - Movement tracking: 1
#   - Flux tracking: 1
#   - Density tracking: 1
#   - Gamma parameter: -0.5
#   - G parameter: 
