# Parameter sweep run started on Fri Jul 11 09:57:54 -04 2025
# Working directory: /Users/leabauer/Documents/code
# Git commit: 0d524fdcf76fe0aaf94017d8d40c93d5679437ca
# Command line: ./run_4_potential.sh --move-prob uneven-sin --track-movement --track-flux --track-density

[1/12] ./lattice2D-Lea-4-potential --density 0.5 --tumble-rate 0.008 --total-time 10000 --run-name runs/run_20250711_095754_uneven-sin_track_flux_density/d0.5_t0.008_time10000_gamma-0.5_g1 --save-interval 125 --potential uneven-sin --gamma -0.5 --g 1 --potential-lower 0 --potential-upper 0.8 --seed 837437 --track-movement --track-flux --track-density
SUCCESS: [1/12] ./lattice2D-Lea-4-potential --density 0.5 --tumble-rate 0.008 --total-time 10000 --run-name runs/run_20250711_095754_uneven-sin_track_flux_density/d0.5_t0.008_time10000_gamma-0.5_g1 --save-interval 125 --potential uneven-sin --gamma -0.5 --g 1 --potential-lower 0 --potential-upper 0.8 --seed 837437 --track-movement --track-flux --track-density
[2/12] ./lattice2D-Lea-4-potential --density 0.5 --tumble-rate 0.01 --total-time 10000 --run-name runs/run_20250711_095754_uneven-sin_track_flux_density/d0.5_t0.01_time10000_gamma-0.5_g1 --save-interval 100 --potential uneven-sin --gamma -0.5 --g 1 --potential-lower 0 --potential-upper 0.8 --seed 837437 --track-movement --track-flux --track-density
SUCCESS: [2/12] ./lattice2D-Lea-4-potential --density 0.5 --tumble-rate 0.01 --total-time 10000 --run-name runs/run_20250711_095754_uneven-sin_track_flux_density/d0.5_t0.01_time10000_gamma-0.5_g1 --save-interval 100 --potential uneven-sin --gamma -0.5 --g 1 --potential-lower 0 --potential-upper 0.8 --seed 837437 --track-movement --track-flux --track-density
[3/12] ./lattice2D-Lea-4-potential --density 0.5 --tumble-rate 0.05 --total-time 10000 --run-name runs/run_20250711_095754_uneven-sin_track_flux_density/d0.5_t0.05_time10000_gamma-0.5_g1 --save-interval 20 --potential uneven-sin --gamma -0.5 --g 1 --potential-lower 0 --potential-upper 0.8 --seed 837437 --track-movement --track-flux --track-density
SUCCESS: [3/12] ./lattice2D-Lea-4-potential --density 0.5 --tumble-rate 0.05 --total-time 10000 --run-name runs/run_20250711_095754_uneven-sin_track_flux_density/d0.5_t0.05_time10000_gamma-0.5_g1 --save-interval 20 --potential uneven-sin --gamma -0.5 --g 1 --potential-lower 0 --potential-upper 0.8 --seed 837437 --track-movement --track-flux --track-density
[4/12] ./lattice2D-Lea-4-potential --density 0.5 --tumble-rate 0.1 --total-time 10000 --run-name runs/run_20250711_095754_uneven-sin_track_flux_density/d0.5_t0.1_time10000_gamma-0.5_g1 --save-interval 10 --potential uneven-sin --gamma -0.5 --g 1 --potential-lower 0 --potential-upper 0.8 --seed 837437 --track-movement --track-flux --track-density
SUCCESS: [4/12] ./lattice2D-Lea-4-potential --density 0.5 --tumble-rate 0.1 --total-time 10000 --run-name runs/run_20250711_095754_uneven-sin_track_flux_density/d0.5_t0.1_time10000_gamma-0.5_g1 --save-interval 10 --potential uneven-sin --gamma -0.5 --g 1 --potential-lower 0 --potential-upper 0.8 --seed 837437 --track-movement --track-flux --track-density
[5/12] ./lattice2D-Lea-4-potential --density 0.6 --tumble-rate 0.008 --total-time 10000 --run-name runs/run_20250711_095754_uneven-sin_track_flux_density/d0.6_t0.008_time10000_gamma-0.5_g1 --save-interval 125 --potential uneven-sin --gamma -0.5 --g 1 --potential-lower 0 --potential-upper 0.8 --seed 837437 --track-movement --track-flux --track-density
SUCCESS: [5/12] ./lattice2D-Lea-4-potential --density 0.6 --tumble-rate 0.008 --total-time 10000 --run-name runs/run_20250711_095754_uneven-sin_track_flux_density/d0.6_t0.008_time10000_gamma-0.5_g1 --save-interval 125 --potential uneven-sin --gamma -0.5 --g 1 --potential-lower 0 --potential-upper 0.8 --seed 837437 --track-movement --track-flux --track-density
[6/12] ./lattice2D-Lea-4-potential --density 0.6 --tumble-rate 0.01 --total-time 10000 --run-name runs/run_20250711_095754_uneven-sin_track_flux_density/d0.6_t0.01_time10000_gamma-0.5_g1 --save-interval 100 --potential uneven-sin --gamma -0.5 --g 1 --potential-lower 0 --potential-upper 0.8 --seed 837437 --track-movement --track-flux --track-density
SUCCESS: [6/12] ./lattice2D-Lea-4-potential --density 0.6 --tumble-rate 0.01 --total-time 10000 --run-name runs/run_20250711_095754_uneven-sin_track_flux_density/d0.6_t0.01_time10000_gamma-0.5_g1 --save-interval 100 --potential uneven-sin --gamma -0.5 --g 1 --potential-lower 0 --potential-upper 0.8 --seed 837437 --track-movement --track-flux --track-density
[7/12] ./lattice2D-Lea-4-potential --density 0.6 --tumble-rate 0.05 --total-time 10000 --run-name runs/run_20250711_095754_uneven-sin_track_flux_density/d0.6_t0.05_time10000_gamma-0.5_g1 --save-interval 20 --potential uneven-sin --gamma -0.5 --g 1 --potential-lower 0 --potential-upper 0.8 --seed 837437 --track-movement --track-flux --track-density
SUCCESS: [7/12] ./lattice2D-Lea-4-potential --density 0.6 --tumble-rate 0.05 --total-time 10000 --run-name runs/run_20250711_095754_uneven-sin_track_flux_density/d0.6_t0.05_time10000_gamma-0.5_g1 --save-interval 20 --potential uneven-sin --gamma -0.5 --g 1 --potential-lower 0 --potential-upper 0.8 --seed 837437 --track-movement --track-flux --track-density
[8/12] ./lattice2D-Lea-4-potential --density 0.6 --tumble-rate 0.1 --total-time 10000 --run-name runs/run_20250711_095754_uneven-sin_track_flux_density/d0.6_t0.1_time10000_gamma-0.5_g1 --save-interval 10 --potential uneven-sin --gamma -0.5 --g 1 --potential-lower 0 --potential-upper 0.8 --seed 837437 --track-movement --track-flux --track-density
SUCCESS: [8/12] ./lattice2D-Lea-4-potential --density 0.6 --tumble-rate 0.1 --total-time 10000 --run-name runs/run_20250711_095754_uneven-sin_track_flux_density/d0.6_t0.1_time10000_gamma-0.5_g1 --save-interval 10 --potential uneven-sin --gamma -0.5 --g 1 --potential-lower 0 --potential-upper 0.8 --seed 837437 --track-movement --track-flux --track-density
[9/12] ./lattice2D-Lea-4-potential --density 0.7 --tumble-rate 0.008 --total-time 10000 --run-name runs/run_20250711_095754_uneven-sin_track_flux_density/d0.7_t0.008_time10000_gamma-0.5_g1 --save-interval 125 --potential uneven-sin --gamma -0.5 --g 1 --potential-lower 0 --potential-upper 0.8 --seed 837437 --track-movement --track-flux --track-density
SUCCESS: [9/12] ./lattice2D-Lea-4-potential --density 0.7 --tumble-rate 0.008 --total-time 10000 --run-name runs/run_20250711_095754_uneven-sin_track_flux_density/d0.7_t0.008_time10000_gamma-0.5_g1 --save-interval 125 --potential uneven-sin --gamma -0.5 --g 1 --potential-lower 0 --potential-upper 0.8 --seed 837437 --track-movement --track-flux --track-density
[10/12] ./lattice2D-Lea-4-potential --density 0.7 --tumble-rate 0.01 --total-time 10000 --run-name runs/run_20250711_095754_uneven-sin_track_flux_density/d0.7_t0.01_time10000_gamma-0.5_g1 --save-interval 100 --potential uneven-sin --gamma -0.5 --g 1 --potential-lower 0 --potential-upper 0.8 --seed 837437 --track-movement --track-flux --track-density
SUCCESS: [10/12] ./lattice2D-Lea-4-potential --density 0.7 --tumble-rate 0.01 --total-time 10000 --run-name runs/run_20250711_095754_uneven-sin_track_flux_density/d0.7_t0.01_time10000_gamma-0.5_g1 --save-interval 100 --potential uneven-sin --gamma -0.5 --g 1 --potential-lower 0 --potential-upper 0.8 --seed 837437 --track-movement --track-flux --track-density
[11/12] ./lattice2D-Lea-4-potential --density 0.7 --tumble-rate 0.05 --total-time 10000 --run-name runs/run_20250711_095754_uneven-sin_track_flux_density/d0.7_t0.05_time10000_gamma-0.5_g1 --save-interval 20 --potential uneven-sin --gamma -0.5 --g 1 --potential-lower 0 --potential-upper 0.8 --seed 837437 --track-movement --track-flux --track-density
SUCCESS: [11/12] ./lattice2D-Lea-4-potential --density 0.7 --tumble-rate 0.05 --total-time 10000 --run-name runs/run_20250711_095754_uneven-sin_track_flux_density/d0.7_t0.05_time10000_gamma-0.5_g1 --save-interval 20 --potential uneven-sin --gamma -0.5 --g 1 --potential-lower 0 --potential-upper 0.8 --seed 837437 --track-movement --track-flux --track-density
[12/12] ./lattice2D-Lea-4-potential --density 0.7 --tumble-rate 0.1 --total-time 10000 --run-name runs/run_20250711_095754_uneven-sin_track_flux_density/d0.7_t0.1_time10000_gamma-0.5_g1 --save-interval 10 --potential uneven-sin --gamma -0.5 --g 1 --potential-lower 0 --potential-upper 0.8 --seed 837437 --track-movement --track-flux --track-density
SUCCESS: [12/12] ./lattice2D-Lea-4-potential --density 0.7 --tumble-rate 0.1 --total-time 10000 --run-name runs/run_20250711_095754_uneven-sin_track_flux_density/d0.7_t0.1_time10000_gamma-0.5_g1 --save-interval 10 --potential uneven-sin --gamma -0.5 --g 1 --potential-lower 0 --potential-upper 0.8 --seed 837437 --track-movement --track-flux --track-density

# Parameter sweep completed on Fri Jul 11 09:58:25 -04 2025
# Total runs: 12
# Configuration:
#   - Movement probability type: uneven-sin
#   - Start config: false
#   - Save interval: auto
#   - Movement tracking: 1
#   - Flux tracking: 1
#   - Density tracking: 1
#   - Gamma parameter: -0.5
